2021/05/23 18:54:58 [ERROR] [user already locked]
2021/05/23 18:54:58 [ERROR] [wrong bytes length]
2021/05/23 18:54:58 [ERROR] [wrong bytes length]
2021/05/23 19:00:41 [ERROR] [create user by existing key  [1 2 3 4 5 6 7 8 9 10 11 12 13 14 15 16 17 18 19 20 21 22 23 24 25 26 27 28 29 30 31 32 33 34 35 36 37 38 39 40 41 42 43 44 45 46 47 48 49 50 51 52 53 54 55 56 57 58 59 60 61 62 63 64]]
2021/05/23 19:00:50 [ERROR] [create user by existing key  [1 2 3 4 5 6 7 8 9 10 11 12 13 14 15 16 17 18 19 20 21 22 23 24 25 26 27 28 29 30 31 32 33 34 35 36 37 38 39 40 41 42 43 44 45 46 47 48 49 50 51 52 53 54 55 56 57 58 59 60 61 62 63 64]]
2021/05/23 19:01:09 [ERROR] [user already locked]
2021/05/23 19:01:09 [ERROR] [wrong bytes length]
2021/05/23 19:01:09 [ERROR] [wrong bytes length]
2021/05/23 19:01:09 [INFO] [new user create success, adress: %v [1 2 3 4 5 6 7 8 9 10 11 12 13 14 15 16 17 18 19 20 21 22 23 24 25 26 27 28 29 30 31 32 33 34 35 36 37 38 39 40 41 42 43 44 45 46 47 48 49 50 51 52 53 54 55 56 57 58 59 60 61 62 63 64]]
2021/05/23 19:05:59 [ERROR] [user already locked]
2021/05/23 19:05:59 [ERROR] [wrong bytes length]
2021/05/23 19:05:59 [ERROR] [wrong bytes length]
2021/05/23 19:06:00 [INFO] [new user create success, adress: %v [1 2 3 4 5 6 7 8 9 10 11 12 13 14 15 16 17 18 19 20 21 22 23 24 25 26 27 28 29 30 31 32 33 34 35 36 37 38 39 40 41 42 43 44 45 46 47 48 49 50 51 52 53 54 55 56 57 58 59 60 61 62 63 64]]
2021/05/23 19:06:13 [ERROR] [user already locked]
2021/05/23 19:06:13 [ERROR] [wrong bytes length]
2021/05/23 19:06:13 [ERROR] [wrong bytes length]
2021/05/23 19:06:13 [INFO] [new user create success, adress: %v [1 2 3 4 5 6 7 8 9 10 11 12 13 14 15 16 17 18 19 20 21 22 23 24 25 26 27 28 29 30 31 32 33 34 35 36 37 38 39 40 41 42 43 44 45 46 47 48 49 50 51 52 53 54 55 56 57 58 59 60 61 62 63 64]]
2021/05/23 19:06:13 [ERROR] [create user by existing key  [1 2 3 4 5 6 7 8 9 10 11 12 13 14 15 16 17 18 19 20 21 22 23 24 25 26 27 28 29 30 31 32 33 34 35 36 37 38 39 40 41 42 43 44 45 46 47 48 49 50 51 52 53 54 55 56 57 58 59 60 61 62 63 64]]
2021/05/23 19:10:33 [ERROR] [user already locked]
2021/05/23 19:10:33 [ERROR] [wrong bytes length]
2021/05/23 19:10:33 [ERROR] [wrong bytes length]
2021/05/23 19:10:33 [INFO] [new user create success, adress: %v [1 2 3 4 5 6 7 8 9 10 11 12 13 14 15 16 17 18 19 20 21 22 23 24 25 26 27 28 29 30 31 32 33 34 35 36 37 38 39 40 41 42 43 44 45 46 47 48 49 50 51 52 53 54 55 56 57 58 59 60 61 62 63 64]]
2021/05/23 19:10:33 [ERROR] [create user by existing key  [1 2 3 4 5 6 7 8 9 10 11 12 13 14 15 16 17 18 19 20 21 22 23 24 25 26 27 28 29 30 31 32 33 34 35 36 37 38 39 40 41 42 43 44 45 46 47 48 49 50 51 52 53 54 55 56 57 58 59 60 61 62 63 64]]
2021/05/23 19:15:18 [ERROR] [user already locked]
2021/05/23 19:15:18 [ERROR] [wrong bytes length]
2021/05/23 19:15:18 [ERROR] [wrong bytes length]
2021/05/23 19:15:19 [INFO] [new user create success, adress: %v [1 2 3 4 5 6 7 8 9 10 11 12 13 14 15 16 17 18 19 20 21 22 23 24 25 26 27 28 29 30 31 32 33 34 35 36 37 38 39 40 41 42 43 44 45 46 47 48 49 50 51 52 53 54 55 56 57 58 59 60 61 62 63 64]]
2021/05/23 19:15:19 [ERROR] [create user by existing key  [1 2 3 4 5 6 7 8 9 10 11 12 13 14 15 16 17 18 19 20 21 22 23 24 25 26 27 28 29 30 31 32 33 34 35 36 37 38 39 40 41 42 43 44 45 46 47 48 49 50 51 52 53 54 55 56 57 58 59 60 61 62 63 64]]
2021/05/23 19:15:27 [ERROR] [user already locked]
2021/05/23 19:15:27 [ERROR] [wrong bytes length]
2021/05/23 19:15:27 [ERROR] [wrong bytes length]
2021/05/23 19:15:28 [INFO] [new user create success, adress: %v [1 2 3 4 5 6 7 8 9 10 11 12 13 14 15 16 17 18 19 20 21 22 23 24 25 26 27 28 29 30 31 32 33 34 35 36 37 38 39 40 41 42 43 44 45 46 47 48 49 50 51 52 53 54 55 56 57 58 59 60 61 62 63 64]]
2021/05/23 19:15:28 [ERROR] [create user by existing key  [1 2 3 4 5 6 7 8 9 10 11 12 13 14 15 16 17 18 19 20 21 22 23 24 25 26 27 28 29 30 31 32 33 34 35 36 37 38 39 40 41 42 43 44 45 46 47 48 49 50 51 52 53 54 55 56 57 58 59 60 61 62 63 64]]
2021/05/23 19:17:27 [ERROR] [create user by existing key  [1 2 3 4 5 6 7 8 9 10 11 12 13 14 15 16 17 18 19 20 21 22 23 24 25 26 27 28 29 30 31 32 33 34 35 36 37 38 39 40 41 42 43 44 45 46 47 48 49 50 51 52 53 54 55 56 57 58 59 60 61 62 63 64]]
2021/05/23 19:17:27 [ERROR] [create user by existing key  [1 2 3 4 5 6 7 8 9 10 11 12 13 14 15 16 17 18 19 20 21 22 23 24 25 26 27 28 29 30 31 32 33 34 35 36 37 38 39 40 41 42 43 44 45 46 47 48 49 50 51 52 53 54 55 56 57 58 59 60 61 62 63 64]]
2021/05/23 19:17:27 [ERROR] [user already locked]
2021/05/23 19:17:27 [ERROR] [unable to get locked user %v [1 2 3 4 5 6 7 8 9 10 11 12 13 14 15 16 17 18 19 20 21 22 23 24 25 26 27 28 29 30 31 32 33 34 35 36 37 38 39 40 41 42 43 44 45 46 47 48 49 50 51 52 53 54 55 56 57 58 59 60 61 62 63 64]]
2021/05/23 19:17:37 [ERROR] [user already locked]
2021/05/23 19:17:37 [ERROR] [wrong bytes length]
2021/05/23 19:17:37 [ERROR] [wrong bytes length]
2021/05/23 19:17:37 [INFO] [new user create success, adress: %v [1 2 3 4 5 6 7 8 9 10 11 12 13 14 15 16 17 18 19 20 21 22 23 24 25 26 27 28 29 30 31 32 33 34 35 36 37 38 39 40 41 42 43 44 45 46 47 48 49 50 51 52 53 54 55 56 57 58 59 60 61 62 63 64]]
2021/05/23 19:17:37 [ERROR] [create user by existing key  [1 2 3 4 5 6 7 8 9 10 11 12 13 14 15 16 17 18 19 20 21 22 23 24 25 26 27 28 29 30 31 32 33 34 35 36 37 38 39 40 41 42 43 44 45 46 47 48 49 50 51 52 53 54 55 56 57 58 59 60 61 62 63 64]]
2021/05/23 19:17:37 [ERROR] [user already locked]
2021/05/23 19:17:37 [ERROR] [unable to get locked user %v [1 2 3 4 5 6 7 8 9 10 11 12 13 14 15 16 17 18 19 20 21 22 23 24 25 26 27 28 29 30 31 32 33 34 35 36 37 38 39 40 41 42 43 44 45 46 47 48 49 50 51 52 53 54 55 56 57 58 59 60 61 62 63 64]]
2021/05/23 19:17:54 [ERROR] [create user by existing key  [1 2 3 4 5 6 7 8 9 10 11 12 13 14 15 16 17 18 19 20 21 22 23 24 25 26 27 28 29 30 31 32 33 34 35 36 37 38 39 40 41 42 43 44 45 46 47 48 49 50 51 52 53 54 55 56 57 58 59 60 61 62 63 64]]
2021/05/23 19:17:54 [ERROR] [create user by existing key  [1 2 3 4 5 6 7 8 9 10 11 12 13 14 15 16 17 18 19 20 21 22 23 24 25 26 27 28 29 30 31 32 33 34 35 36 37 38 39 40 41 42 43 44 45 46 47 48 49 50 51 52 53 54 55 56 57 58 59 60 61 62 63 64]]
2021/05/23 19:17:54 [ERROR] [user already locked]
2021/05/23 19:17:54 [ERROR] [unable to get locked user %v [1 2 3 4 5 6 7 8 9 10 11 12 13 14 15 16 17 18 19 20 21 22 23 24 25 26 27 28 29 30 31 32 33 34 35 36 37 38 39 40 41 42 43 44 45 46 47 48 49 50 51 52 53 54 55 56 57 58 59 60 61 62 63 64]]
2021/05/23 19:18:02 [ERROR] [user already locked]
2021/05/23 19:18:02 [ERROR] [wrong bytes length]
2021/05/23 19:18:02 [ERROR] [wrong bytes length]
2021/05/23 19:18:03 [INFO] [new user create success, adress: %v [1 2 3 4 5 6 7 8 9 10 11 12 13 14 15 16 17 18 19 20 21 22 23 24 25 26 27 28 29 30 31 32 33 34 35 36 37 38 39 40 41 42 43 44 45 46 47 48 49 50 51 52 53 54 55 56 57 58 59 60 61 62 63 64]]
2021/05/23 19:18:03 [ERROR] [create user by existing key  [1 2 3 4 5 6 7 8 9 10 11 12 13 14 15 16 17 18 19 20 21 22 23 24 25 26 27 28 29 30 31 32 33 34 35 36 37 38 39 40 41 42 43 44 45 46 47 48 49 50 51 52 53 54 55 56 57 58 59 60 61 62 63 64]]
2021/05/23 19:18:03 [ERROR] [user already locked]
2021/05/23 19:18:03 [ERROR] [unable to get locked user %v [1 2 3 4 5 6 7 8 9 10 11 12 13 14 15 16 17 18 19 20 21 22 23 24 25 26 27 28 29 30 31 32 33 34 35 36 37 38 39 40 41 42 43 44 45 46 47 48 49 50 51 52 53 54 55 56 57 58 59 60 61 62 63 64]]
2021/05/23 20:31:43 [ERROR] [user already locked]
2021/05/23 20:31:43 [ERROR] [wrong bytes length]
2021/05/23 20:31:43 [ERROR] [wrong bytes length]
2021/05/23 20:31:44 [INFO] [new user create success, adress: %v [1 2 3 4 5 6 7 8 9 10 11 12 13 14 15 16 17 18 19 20 21 22 23 24 25 26 27 28 29 30 31 32 33 34 35 36 37 38 39 40 41 42 43 44 45 46 47 48 49 50 51 52 53 54 55 56 57 58 59 60 61 62 63 64]]
2021/05/23 20:31:44 [ERROR] [create user by existing key  [1 2 3 4 5 6 7 8 9 10 11 12 13 14 15 16 17 18 19 20 21 22 23 24 25 26 27 28 29 30 31 32 33 34 35 36 37 38 39 40 41 42 43 44 45 46 47 48 49 50 51 52 53 54 55 56 57 58 59 60 61 62 63 64]]
2021/05/23 20:31:44 [ERROR] [user already locked]
2021/05/23 20:31:44 [ERROR] [unable to get locked user %v [1 2 3 4 5 6 7 8 9 10 11 12 13 14 15 16 17 18 19 20 21 22 23 24 25 26 27 28 29 30 31 32 33 34 35 36 37 38 39 40 41 42 43 44 45 46 47 48 49 50 51 52 53 54 55 56 57 58 59 60 61 62 63 64]]
2021/05/23 20:32:07 [ERROR] [user already locked]
2021/05/23 20:32:07 [ERROR] [wrong bytes length]
2021/05/23 20:32:07 [ERROR] [wrong bytes length]
2021/05/23 20:32:07 [INFO] [new user create success, adress: %v [1 2 3 4 5 6 7 8 9 10 11 12 13 14 15 16 17 18 19 20 21 22 23 24 25 26 27 28 29 30 31 32 33 34 35 36 37 38 39 40 41 42 43 44 45 46 47 48 49 50 51 52 53 54 55 56 57 58 59 60 61 62 63 64]]
2021/05/23 20:32:07 [ERROR] [create user by existing key  [1 2 3 4 5 6 7 8 9 10 11 12 13 14 15 16 17 18 19 20 21 22 23 24 25 26 27 28 29 30 31 32 33 34 35 36 37 38 39 40 41 42 43 44 45 46 47 48 49 50 51 52 53 54 55 56 57 58 59 60 61 62 63 64]]
2021/05/23 20:32:07 [ERROR] [user already locked]
2021/05/23 20:32:07 [ERROR] [unable to get locked user %v [1 2 3 4 5 6 7 8 9 10 11 12 13 14 15 16 17 18 19 20 21 22 23 24 25 26 27 28 29 30 31 32 33 34 35 36 37 38 39 40 41 42 43 44 45 46 47 48 49 50 51 52 53 54 55 56 57 58 59 60 61 62 63 64]]
2021/05/23 21:34:03 [ERROR] [user already locked]
2021/05/23 21:34:03 [ERROR] [wrong bytes length]
2021/05/23 21:34:03 [ERROR] [wrong bytes length]
2021/05/23 21:34:03 [INFO] [new user create success, adress: %v [1 2 3 4 5 6 7 8 9 10 11 12 13 14 15 16 17 18 19 20 21 22 23 24 25 26 27 28 29 30 31 32 33 34 35 36 37 38 39 40 41 42 43 44 45 46 47 48 49 50 51 52 53 54 55 56 57 58 59 60 61 62 63 64]]
2021/05/23 21:34:03 [ERROR] [create user by existing key  [1 2 3 4 5 6 7 8 9 10 11 12 13 14 15 16 17 18 19 20 21 22 23 24 25 26 27 28 29 30 31 32 33 34 35 36 37 38 39 40 41 42 43 44 45 46 47 48 49 50 51 52 53 54 55 56 57 58 59 60 61 62 63 64]]
2021/05/23 21:34:03 [ERROR] [user already locked]
2021/05/23 21:34:03 [ERROR] [unable to get locked user %v [1 2 3 4 5 6 7 8 9 10 11 12 13 14 15 16 17 18 19 20 21 22 23 24 25 26 27 28 29 30 31 32 33 34 35 36 37 38 39 40 41 42 43 44 45 46 47 48 49 50 51 52 53 54 55 56 57 58 59 60 61 62 63 64]]
2021/05/23 21:34:31 [ERROR] [user already locked]
2021/05/23 21:34:31 [ERROR] [wrong bytes length]
2021/05/23 21:34:31 [ERROR] [wrong bytes length]
2021/05/23 21:34:31 [INFO] [new user create success, adress: %v [1 2 3 4 5 6 7 8 9 10 11 12 13 14 15 16 17 18 19 20 21 22 23 24 25 26 27 28 29 30 31 32 33 34 35 36 37 38 39 40 41 42 43 44 45 46 47 48 49 50 51 52 53 54 55 56 57 58 59 60 61 62 63 64]]
2021/05/23 21:34:31 [ERROR] [create user by existing key  [1 2 3 4 5 6 7 8 9 10 11 12 13 14 15 16 17 18 19 20 21 22 23 24 25 26 27 28 29 30 31 32 33 34 35 36 37 38 39 40 41 42 43 44 45 46 47 48 49 50 51 52 53 54 55 56 57 58 59 60 61 62 63 64]]
2021/05/23 21:34:31 [ERROR] [user already locked]
2021/05/23 21:34:31 [ERROR] [unable to get locked user %v [1 2 3 4 5 6 7 8 9 10 11 12 13 14 15 16 17 18 19 20 21 22 23 24 25 26 27 28 29 30 31 32 33 34 35 36 37 38 39 40 41 42 43 44 45 46 47 48 49 50 51 52 53 54 55 56 57 58 59 60 61 62 63 64]]
2021/05/23 21:35:13 [ERROR] [user already locked]
2021/05/23 21:35:13 [ERROR] [wrong bytes length]
2021/05/23 21:35:13 [ERROR] [wrong bytes length]
2021/05/23 21:35:13 [INFO] [new user create success, adress: %v [1 2 3 4 5 6 7 8 9 10 11 12 13 14 15 16 17 18 19 20 21 22 23 24 25 26 27 28 29 30 31 32 33 34 35 36 37 38 39 40 41 42 43 44 45 46 47 48 49 50 51 52 53 54 55 56 57 58 59 60 61 62 63 64]]
2021/05/23 21:35:13 [ERROR] [create user by existing key  [1 2 3 4 5 6 7 8 9 10 11 12 13 14 15 16 17 18 19 20 21 22 23 24 25 26 27 28 29 30 31 32 33 34 35 36 37 38 39 40 41 42 43 44 45 46 47 48 49 50 51 52 53 54 55 56 57 58 59 60 61 62 63 64]]
2021/05/23 21:35:13 [ERROR] [user already locked]
2021/05/23 21:35:13 [ERROR] [unable to get locked user %v [1 2 3 4 5 6 7 8 9 10 11 12 13 14 15 16 17 18 19 20 21 22 23 24 25 26 27 28 29 30 31 32 33 34 35 36 37 38 39 40 41 42 43 44 45 46 47 48 49 50 51 52 53 54 55 56 57 58 59 60 61 62 63 64]]
2021/05/23 21:35:14 [INFO] [new user create success, adress: %v [1 2 3 4 5 6 7 8 9 10 11 12 13 14 15 16 17 18 19 20 21 22 23 24 25 26 27 28 29 30 31 32 33 34 35 36 37 38 39 40 41 42 43 44 45 46 47 48 49 50 51 52 53 54 55 56 57 58 59 60 61 62 63 63]]
2021/05/23 22:41:15 [ERROR] [user already locked]
2021/05/23 22:41:15 [ERROR] [wrong bytes length]
2021/05/23 22:41:15 [ERROR] [wrong bytes length]
2021/05/23 22:41:16 [INFO] [new user create success, adress:  [1 2 3 4 5 6 7 8 9 10 11 12 13 14 15 16 17 18 19 20 21 22 23 24 25 26 27 28 29 30 31 32 33 34 35 36 37 38 39 40 41 42 43 44 45 46 47 48 49 50 51 52 53 54 55 56 57 58 59 60 61 62 63 64]]
2021/05/23 22:41:16 [ERROR] [create user by existing key  [1 2 3 4 5 6 7 8 9 10 11 12 13 14 15 16 17 18 19 20 21 22 23 24 25 26 27 28 29 30 31 32 33 34 35 36 37 38 39 40 41 42 43 44 45 46 47 48 49 50 51 52 53 54 55 56 57 58 59 60 61 62 63 64]]
2021/05/23 22:41:16 [ERROR] [user already locked]
2021/05/23 22:41:16 [ERROR] [unable to get user (locked):  [1 2 3 4 5 6 7 8 9 10 11 12 13 14 15 16 17 18 19 20 21 22 23 24 25 26 27 28 29 30 31 32 33 34 35 36 37 38 39 40 41 42 43 44 45 46 47 48 49 50 51 52 53 54 55 56 57 58 59 60 61 62 63 64]]
2021/05/23 22:41:29 [ERROR] [user already locked]
2021/05/23 22:41:29 [ERROR] [wrong bytes length]
2021/05/23 22:41:29 [ERROR] [wrong bytes length]
2021/05/23 22:41:29 [INFO] [new user create success, adress:  [1 2 3 4 5 6 7 8 9 10 11 12 13 14 15 16 17 18 19 20 21 22 23 24 25 26 27 28 29 30 31 32 33 34 35 36 37 38 39 40 41 42 43 44 45 46 47 48 49 50 51 52 53 54 55 56 57 58 59 60 61 62 63 64]]
2021/05/23 22:41:29 [ERROR] [create user by existing key  [1 2 3 4 5 6 7 8 9 10 11 12 13 14 15 16 17 18 19 20 21 22 23 24 25 26 27 28 29 30 31 32 33 34 35 36 37 38 39 40 41 42 43 44 45 46 47 48 49 50 51 52 53 54 55 56 57 58 59 60 61 62 63 64]]
2021/05/23 22:41:29 [ERROR] [user already locked]
2021/05/23 22:41:29 [ERROR] [unable to get user (locked):  [1 2 3 4 5 6 7 8 9 10 11 12 13 14 15 16 17 18 19 20 21 22 23 24 25 26 27 28 29 30 31 32 33 34 35 36 37 38 39 40 41 42 43 44 45 46 47 48 49 50 51 52 53 54 55 56 57 58 59 60 61 62 63 64]]
2021/05/23 22:42:18 [ERROR] [user already locked]
2021/05/23 22:42:18 [ERROR] [wrong bytes length]
2021/05/23 22:42:18 [ERROR] [wrong bytes length]
2021/05/23 22:42:18 [INFO] [new user create success, adress:  [1 2 3 4 5 6 7 8 9 10 11 12 13 14 15 16 17 18 19 20 21 22 23 24 25 26 27 28 29 30 31 32 33 34 35 36 37 38 39 40 41 42 43 44 45 46 47 48 49 50 51 52 53 54 55 56 57 58 59 60 61 62 63 64]]
2021/05/23 22:42:18 [ERROR] [create user by existing key  [1 2 3 4 5 6 7 8 9 10 11 12 13 14 15 16 17 18 19 20 21 22 23 24 25 26 27 28 29 30 31 32 33 34 35 36 37 38 39 40 41 42 43 44 45 46 47 48 49 50 51 52 53 54 55 56 57 58 59 60 61 62 63 64]]
2021/05/23 22:42:18 [ERROR] [user already locked]
2021/05/23 22:42:18 [ERROR] [unable to get user (locked):  [1 2 3 4 5 6 7 8 9 10 11 12 13 14 15 16 17 18 19 20 21 22 23 24 25 26 27 28 29 30 31 32 33 34 35 36 37 38 39 40 41 42 43 44 45 46 47 48 49 50 51 52 53 54 55 56 57 58 59 60 61 62 63 64]]
2021/05/23 22:42:19 [INFO] [new user create success, adress:  [1 2 3 4 5 6 7 8 9 10 11 12 13 14 15 16 17 18 19 20 21 22 23 24 25 26 27 28 29 30 31 32 33 34 35 36 37 38 39 40 41 42 43 44 45 46 47 48 49 50 51 52 53 54 55 56 57 58 59 60 61 62 63 63]]
2021/05/23 22:48:27 [ERROR] [user already locked]
2021/05/23 22:48:27 [ERROR] [wrong bytes length]
2021/05/23 22:48:27 [ERROR] [wrong bytes length]
2021/05/23 22:48:28 [INFO] [new user create success, adress:  [1 2 3 4 5 6 7 8 9 10 11 12 13 14 15 16 17 18 19 20 21 22 23 24 25 26 27 28 29 30 31 32 33 34 35 36 37 38 39 40 41 42 43 44 45 46 47 48 49 50 51 52 53 54 55 56 57 58 59 60 61 62 63 64]]
2021/05/23 22:48:28 [ERROR] [create user by existing key  [1 2 3 4 5 6 7 8 9 10 11 12 13 14 15 16 17 18 19 20 21 22 23 24 25 26 27 28 29 30 31 32 33 34 35 36 37 38 39 40 41 42 43 44 45 46 47 48 49 50 51 52 53 54 55 56 57 58 59 60 61 62 63 64]]
2021/05/23 22:48:28 [ERROR] [user already locked]
2021/05/23 22:48:28 [ERROR] [unable to get user (locked):  [1 2 3 4 5 6 7 8 9 10 11 12 13 14 15 16 17 18 19 20 21 22 23 24 25 26 27 28 29 30 31 32 33 34 35 36 37 38 39 40 41 42 43 44 45 46 47 48 49 50 51 52 53 54 55 56 57 58 59 60 61 62 63 64]]
2021/05/23 22:48:28 [INFO] [new user create success, adress:  [1 2 3 4 5 6 7 8 9 10 11 12 13 14 15 16 17 18 19 20 21 22 23 24 25 26 27 28 29 30 31 32 33 34 35 36 37 38 39 40 41 42 43 44 45 46 47 48 49 50 51 52 53 54 55 56 57 58 59 60 61 62 63 63]]
2021/05/23 23:28:41 [ERROR] [user already locked]
2021/05/23 23:28:41 [ERROR] [wrong bytes length]
2021/05/23 23:28:41 [ERROR] [wrong bytes length]
2021/05/23 23:28:42 [INFO] [new user create success, adress:  [1 2 3 4 5 6 7 8 9 10 11 12 13 14 15 16 17 18 19 20 21 22 23 24 25 26 27 28 29 30 31 32 33 34 35 36 37 38 39 40 41 42 43 44 45 46 47 48 49 50 51 52 53 54 55 56 57 58 59 60 61 62 63 64]]
2021/05/23 23:28:42 [ERROR] [create user by existing key  [1 2 3 4 5 6 7 8 9 10 11 12 13 14 15 16 17 18 19 20 21 22 23 24 25 26 27 28 29 30 31 32 33 34 35 36 37 38 39 40 41 42 43 44 45 46 47 48 49 50 51 52 53 54 55 56 57 58 59 60 61 62 63 64]]
2021/05/23 23:28:42 [ERROR] [user already locked]
2021/05/23 23:28:42 [ERROR] [unable to get user (locked):  [1 2 3 4 5 6 7 8 9 10 11 12 13 14 15 16 17 18 19 20 21 22 23 24 25 26 27 28 29 30 31 32 33 34 35 36 37 38 39 40 41 42 43 44 45 46 47 48 49 50 51 52 53 54 55 56 57 58 59 60 61 62 63 64]]
2021/05/23 23:28:42 [INFO] [new user create success, adress:  [1 2 3 4 5 6 7 8 9 10 11 12 13 14 15 16 17 18 19 20 21 22 23 24 25 26 27 28 29 30 31 32 33 34 35 36 37 38 39 40 41 42 43 44 45 46 47 48 49 50 51 52 53 54 55 56 57 58 59 60 61 62 63 63]]
2021/05/23 23:36:56 [ERROR] [user already locked]
2021/05/23 23:36:56 [ERROR] [wrong bytes length]
2021/05/23 23:36:56 [ERROR] [wrong bytes length]
2021/05/23 23:36:57 [INFO] [new user create success, adress:  [1 2 3 4 5 6 7 8 9 10 11 12 13 14 15 16 17 18 19 20 21 22 23 24 25 26 27 28 29 30 31 32 33 34 35 36 37 38 39 40 41 42 43 44 45 46 47 48 49 50 51 52 53 54 55 56 57 58 59 60 61 62 63 64]]
2021/05/23 23:36:57 [ERROR] [create user by existing key  [1 2 3 4 5 6 7 8 9 10 11 12 13 14 15 16 17 18 19 20 21 22 23 24 25 26 27 28 29 30 31 32 33 34 35 36 37 38 39 40 41 42 43 44 45 46 47 48 49 50 51 52 53 54 55 56 57 58 59 60 61 62 63 64]]
2021/05/23 23:36:57 [ERROR] [user already locked]
2021/05/23 23:36:57 [ERROR] [unable to get user (locked):  [1 2 3 4 5 6 7 8 9 10 11 12 13 14 15 16 17 18 19 20 21 22 23 24 25 26 27 28 29 30 31 32 33 34 35 36 37 38 39 40 41 42 43 44 45 46 47 48 49 50 51 52 53 54 55 56 57 58 59 60 61 62 63 64]]
2021/05/23 23:36:58 [INFO] [new user create success, adress:  [1 2 3 4 5 6 7 8 9 10 11 12 13 14 15 16 17 18 19 20 21 22 23 24 25 26 27 28 29 30 31 32 33 34 35 36 37 38 39 40 41 42 43 44 45 46 47 48 49 50 51 52 53 54 55 56 57 58 59 60 61 62 63 63]]
2021/05/23 23:53:54 [ERROR] [user already locked]
2021/05/23 23:53:54 [ERROR] [wrong bytes length]
2021/05/23 23:53:54 [ERROR] [wrong bytes length]
2021/05/23 23:53:54 [INFO] [new user create success, adress:  [1 2 3 4 5 6 7 8 9 10 11 12 13 14 15 16 17 18 19 20 21 22 23 24 25 26 27 28 29 30 31 32 33 34 35 36 37 38 39 40 41 42 43 44 45 46 47 48 49 50 51 52 53 54 55 56 57 58 59 60 61 62 63 64]]
2021/05/23 23:53:54 [ERROR] [create user by existing key  [1 2 3 4 5 6 7 8 9 10 11 12 13 14 15 16 17 18 19 20 21 22 23 24 25 26 27 28 29 30 31 32 33 34 35 36 37 38 39 40 41 42 43 44 45 46 47 48 49 50 51 52 53 54 55 56 57 58 59 60 61 62 63 64]]
2021/05/23 23:53:54 [ERROR] [user already locked]
2021/05/23 23:53:54 [ERROR] [unable to get user (locked):  [1 2 3 4 5 6 7 8 9 10 11 12 13 14 15 16 17 18 19 20 21 22 23 24 25 26 27 28 29 30 31 32 33 34 35 36 37 38 39 40 41 42 43 44 45 46 47 48 49 50 51 52 53 54 55 56 57 58 59 60 61 62 63 64]]
2021/05/23 23:53:55 [INFO] [new user create success, adress:  [1 2 3 4 5 6 7 8 9 10 11 12 13 14 15 16 17 18 19 20 21 22 23 24 25 26 27 28 29 30 31 32 33 34 35 36 37 38 39 40 41 42 43 44 45 46 47 48 49 50 51 52 53 54 55 56 57 58 59 60 61 62 63 63]]
2021/05/24 19:43:25 [ERROR] [user already locked]
2021/05/24 19:43:25 [ERROR] [wrong bytes length]
2021/05/24 19:43:25 [ERROR] [wrong bytes length]
2021/05/24 19:43:25 [INFO] [new user create success, adress:  [1 2 3 4 5 6 7 8 9 10 11 12 13 14 15 16 17 18 19 20 21 22 23 24 25 26 27 28 29 30 31 32 33 34 35 36 37 38 39 40 41 42 43 44 45 46 47 48 49 50 51 52 53 54 55 56 57 58 59 60 61 62 63 64]]
2021/05/24 19:43:25 [ERROR] [create user by existing key  [1 2 3 4 5 6 7 8 9 10 11 12 13 14 15 16 17 18 19 20 21 22 23 24 25 26 27 28 29 30 31 32 33 34 35 36 37 38 39 40 41 42 43 44 45 46 47 48 49 50 51 52 53 54 55 56 57 58 59 60 61 62 63 64]]
2021/05/24 19:43:25 [ERROR] [user already locked]
2021/05/24 19:43:25 [ERROR] [unable to get user (locked):  [1 2 3 4 5 6 7 8 9 10 11 12 13 14 15 16 17 18 19 20 21 22 23 24 25 26 27 28 29 30 31 32 33 34 35 36 37 38 39 40 41 42 43 44 45 46 47 48 49 50 51 52 53 54 55 56 57 58 59 60 61 62 63 64]]
2021/05/24 19:43:26 [INFO] [new user create success, adress:  [1 2 3 4 5 6 7 8 9 10 11 12 13 14 15 16 17 18 19 20 21 22 23 24 25 26 27 28 29 30 31 32 33 34 35 36 37 38 39 40 41 42 43 44 45 46 47 48 49 50 51 52 53 54 55 56 57 58 59 60 61 62 63 63]]
2021/05/24 19:46:18 [ERROR] [create asset by existing key:  [1 2 3 4 5 6 7 8 9 10 11 12 13 14 15 16 17 18 19 20 21 22 23 24 25 26 27 28 29 30 31 32 33 34 35 36 37 38 39 40 41 42 43 44 45 46 47 48 49 50 51 52 53 54 55 56 57 58 59 60 61 62 63 63]]
2021/05/24 19:46:25 [ERROR] [user already locked]
2021/05/24 19:46:25 [ERROR] [wrong bytes length]
2021/05/24 19:46:25 [ERROR] [wrong bytes length]
2021/05/24 19:46:25 [INFO] [new user create success, adress:  [1 2 3 4 5 6 7 8 9 10 11 12 13 14 15 16 17 18 19 20 21 22 23 24 25 26 27 28 29 30 31 32 33 34 35 36 37 38 39 40 41 42 43 44 45 46 47 48 49 50 51 52 53 54 55 56 57 58 59 60 61 62 63 64]]
2021/05/24 19:46:25 [ERROR] [create user by existing key  [1 2 3 4 5 6 7 8 9 10 11 12 13 14 15 16 17 18 19 20 21 22 23 24 25 26 27 28 29 30 31 32 33 34 35 36 37 38 39 40 41 42 43 44 45 46 47 48 49 50 51 52 53 54 55 56 57 58 59 60 61 62 63 64]]
2021/05/24 19:46:25 [ERROR] [user already locked]
2021/05/24 19:46:25 [ERROR] [unable to get user (locked):  [1 2 3 4 5 6 7 8 9 10 11 12 13 14 15 16 17 18 19 20 21 22 23 24 25 26 27 28 29 30 31 32 33 34 35 36 37 38 39 40 41 42 43 44 45 46 47 48 49 50 51 52 53 54 55 56 57 58 59 60 61 62 63 64]]
2021/05/24 19:46:26 [INFO] [new user create success, adress:  [1 2 3 4 5 6 7 8 9 10 11 12 13 14 15 16 17 18 19 20 21 22 23 24 25 26 27 28 29 30 31 32 33 34 35 36 37 38 39 40 41 42 43 44 45 46 47 48 49 50 51 52 53 54 55 56 57 58 59 60 61 62 63 63]]
2021/05/24 19:49:10 [ERROR] [user already locked]
2021/05/24 19:49:10 [ERROR] [wrong bytes length]
2021/05/24 19:49:10 [ERROR] [wrong bytes length]
2021/05/24 19:49:11 [INFO] [new user create success, adress:  [1 2 3 4 5 6 7 8 9 10 11 12 13 14 15 16 17 18 19 20 21 22 23 24 25 26 27 28 29 30 31 32 33 34 35 36 37 38 39 40 41 42 43 44 45 46 47 48 49 50 51 52 53 54 55 56 57 58 59 60 61 62 63 63]]
2021/05/24 19:49:11 [ERROR] [create asset by existing key:  [1 2 3 4 5 6 7 8 9 10 11 12 13 14 15 16 17 18 19 20 21 22 23 24 25 26 27 28 29 30 31 32 33 34 35 36 37 38 39 40 41 42 43 44 45 46 47 48 49 50 51 52 53 54 55 56 57 58 59 60 61 62 63 63]]
2021/05/24 19:49:27 [ERROR] [user already locked]
2021/05/24 19:49:27 [ERROR] [wrong bytes length]
2021/05/24 19:49:27 [ERROR] [wrong bytes length]
2021/05/24 19:49:28 [INFO] [new user create success, adress:  [1 2 3 4 5 6 7 8 9 10 11 12 13 14 15 16 17 18 19 20 21 22 23 24 25 26 27 28 29 30 31 32 33 34 35 36 37 38 39 40 41 42 43 44 45 46 47 48 49 50 51 52 53 54 55 56 57 58 59 60 61 62 63 64]]
2021/05/24 19:49:28 [ERROR] [create user by existing key  [1 2 3 4 5 6 7 8 9 10 11 12 13 14 15 16 17 18 19 20 21 22 23 24 25 26 27 28 29 30 31 32 33 34 35 36 37 38 39 40 41 42 43 44 45 46 47 48 49 50 51 52 53 54 55 56 57 58 59 60 61 62 63 64]]
2021/05/24 19:49:28 [ERROR] [user already locked]
2021/05/24 19:49:28 [ERROR] [unable to get user (locked):  [1 2 3 4 5 6 7 8 9 10 11 12 13 14 15 16 17 18 19 20 21 22 23 24 25 26 27 28 29 30 31 32 33 34 35 36 37 38 39 40 41 42 43 44 45 46 47 48 49 50 51 52 53 54 55 56 57 58 59 60 61 62 63 64]]
2021/05/24 19:49:28 [INFO] [new user create success, adress:  [1 2 3 4 5 6 7 8 9 10 11 12 13 14 15 16 17 18 19 20 21 22 23 24 25 26 27 28 29 30 31 32 33 34 35 36 37 38 39 40 41 42 43 44 45 46 47 48 49 50 51 52 53 54 55 56 57 58 59 60 61 62 63 63]]
2021/05/24 19:49:28 [ERROR] [create asset by existing key:  [1 2 3 4 5 6 7 8 9 10 11 12 13 14 15 16 17 18 19 20 21 22 23 24 25 26 27 28 29 30 31 32 33 34 35 36 37 38 39 40 41 42 43 44 45 46 47 48 49 50 51 52 53 54 55 56 57 58 59 60 61 62 63 63]]
2021/05/24 19:50:26 [ERROR] [create asset by existing key:  [1 2 3 4 5 6 7 8 9 10 11 12 13 14 15 16 17 18 19 20 21 22 23 24 25 26 27 28 29 30 31 32 33 34 35 36 37 38 39 40 41 42 43 44 45 46 47 48 49 50 51 52 53 54 55 56 57 58 59 60 61 62 63 63]]
2021/05/24 19:50:26 [ERROR] [create asset by existing key:  [1 2 3 4 5 6 7 8 9 10 11 12 13 14 15 16 17 18 19 20 21 22 23 24 25 26 27 28 29 30 31 32 33 34 35 36 37 38 39 40 41 42 43 44 45 46 47 48 49 50 51 52 53 54 55 56 57 58 59 60 61 62 63 63]]
2021/05/24 19:50:48 [ERROR] [user already locked]
2021/05/24 19:50:48 [ERROR] [wrong bytes length]
2021/05/24 19:50:48 [ERROR] [wrong bytes length]
2021/05/24 19:50:48 [INFO] [new user create success, adress:  [1 2 3 4 5 6 7 8 9 10 11 12 13 14 15 16 17 18 19 20 21 22 23 24 25 26 27 28 29 30 31 32 33 34 35 36 37 38 39 40 41 42 43 44 45 46 47 48 49 50 51 52 53 54 55 56 57 58 59 60 61 62 63 64]]
2021/05/24 19:50:48 [ERROR] [create user by existing key  [1 2 3 4 5 6 7 8 9 10 11 12 13 14 15 16 17 18 19 20 21 22 23 24 25 26 27 28 29 30 31 32 33 34 35 36 37 38 39 40 41 42 43 44 45 46 47 48 49 50 51 52 53 54 55 56 57 58 59 60 61 62 63 64]]
2021/05/24 19:50:48 [ERROR] [user already locked]
2021/05/24 19:50:48 [ERROR] [unable to get user (locked):  [1 2 3 4 5 6 7 8 9 10 11 12 13 14 15 16 17 18 19 20 21 22 23 24 25 26 27 28 29 30 31 32 33 34 35 36 37 38 39 40 41 42 43 44 45 46 47 48 49 50 51 52 53 54 55 56 57 58 59 60 61 62 63 64]]
2021/05/24 19:50:49 [INFO] [new user create success, adress:  [1 2 3 4 5 6 7 8 9 10 11 12 13 14 15 16 17 18 19 20 21 22 23 24 25 26 27 28 29 30 31 32 33 34 35 36 37 38 39 40 41 42 43 44 45 46 47 48 49 50 51 52 53 54 55 56 57 58 59 60 61 62 63 63]]
2021/05/24 19:50:49 [ERROR] [create asset by existing key:  [1 2 3 4 5 6 7 8 9 10 11 12 13 14 15 16 17 18 19 20 21 22 23 24 25 26 27 28 29 30 31 32 33 34 35 36 37 38 39 40 41 42 43 44 45 46 47 48 49 50 51 52 53 54 55 56 57 58 59 60 61 62 63 63]]
2021/05/24 19:50:49 [ERROR] [user already locked]
2021/05/24 19:50:49 [ERROR] [unable to get asset, locked:  [1 2 3 4 5 6 7 8 9 10 11 12 13 14 15 16 17 18 19 20 21 22 23 24 25 26 27 28 29 30 31 32 33 34 35 36 37 38 39 40 41 42 43 44 45 46 47 48 49 50 51 52 53 54 55 56 57 58 59 60 61 62 63 63]]
2021/05/24 19:51:40 [ERROR] [user already locked]
2021/05/24 19:51:40 [ERROR] [wrong bytes length]
2021/05/24 19:51:40 [ERROR] [wrong bytes length]
2021/05/24 19:51:40 [INFO] [new user create success, adress:  [1 2 3 4 5 6 7 8 9 10 11 12 13 14 15 16 17 18 19 20 21 22 23 24 25 26 27 28 29 30 31 32 33 34 35 36 37 38 39 40 41 42 43 44 45 46 47 48 49 50 51 52 53 54 55 56 57 58 59 60 61 62 63 64]]
2021/05/24 19:51:40 [ERROR] [create user by existing key  [1 2 3 4 5 6 7 8 9 10 11 12 13 14 15 16 17 18 19 20 21 22 23 24 25 26 27 28 29 30 31 32 33 34 35 36 37 38 39 40 41 42 43 44 45 46 47 48 49 50 51 52 53 54 55 56 57 58 59 60 61 62 63 64]]
2021/05/24 19:51:40 [ERROR] [user already locked]
2021/05/24 19:51:40 [ERROR] [unable to get user (locked):  [1 2 3 4 5 6 7 8 9 10 11 12 13 14 15 16 17 18 19 20 21 22 23 24 25 26 27 28 29 30 31 32 33 34 35 36 37 38 39 40 41 42 43 44 45 46 47 48 49 50 51 52 53 54 55 56 57 58 59 60 61 62 63 64]]
2021/05/24 19:51:41 [INFO] [new user create success, adress:  [1 2 3 4 5 6 7 8 9 10 11 12 13 14 15 16 17 18 19 20 21 22 23 24 25 26 27 28 29 30 31 32 33 34 35 36 37 38 39 40 41 42 43 44 45 46 47 48 49 50 51 52 53 54 55 56 57 58 59 60 61 62 63 63]]
2021/05/24 19:51:41 [ERROR] [create asset by existing key:  [1 2 3 4 5 6 7 8 9 10 11 12 13 14 15 16 17 18 19 20 21 22 23 24 25 26 27 28 29 30 31 32 33 34 35 36 37 38 39 40 41 42 43 44 45 46 47 48 49 50 51 52 53 54 55 56 57 58 59 60 61 62 63 63]]
2021/05/24 19:51:41 [ERROR] [user already locked]
2021/05/24 19:51:41 [ERROR] [unable to get asset, locked:  [1 2 3 4 5 6 7 8 9 10 11 12 13 14 15 16 17 18 19 20 21 22 23 24 25 26 27 28 29 30 31 32 33 34 35 36 37 38 39 40 41 42 43 44 45 46 47 48 49 50 51 52 53 54 55 56 57 58 59 60 61 62 63 63]]
2021/05/24 19:52:20 [ERROR] [user already locked]
2021/05/24 19:52:20 [ERROR] [wrong bytes length]
2021/05/24 19:52:20 [ERROR] [wrong bytes length]
2021/05/24 19:52:20 [INFO] [new user create success, adress:  [1 2 3 4 5 6 7 8 9 10 11 12 13 14 15 16 17 18 19 20 21 22 23 24 25 26 27 28 29 30 31 32 33 34 35 36 37 38 39 40 41 42 43 44 45 46 47 48 49 50 51 52 53 54 55 56 57 58 59 60 61 62 63 64]]
2021/05/24 19:52:20 [ERROR] [create user by existing key  [1 2 3 4 5 6 7 8 9 10 11 12 13 14 15 16 17 18 19 20 21 22 23 24 25 26 27 28 29 30 31 32 33 34 35 36 37 38 39 40 41 42 43 44 45 46 47 48 49 50 51 52 53 54 55 56 57 58 59 60 61 62 63 64]]
2021/05/24 19:52:20 [ERROR] [user already locked]
2021/05/24 19:52:20 [ERROR] [unable to get user (locked):  [1 2 3 4 5 6 7 8 9 10 11 12 13 14 15 16 17 18 19 20 21 22 23 24 25 26 27 28 29 30 31 32 33 34 35 36 37 38 39 40 41 42 43 44 45 46 47 48 49 50 51 52 53 54 55 56 57 58 59 60 61 62 63 64]]
2021/05/24 19:52:21 [INFO] [new user create success, adress:  [1 2 3 4 5 6 7 8 9 10 11 12 13 14 15 16 17 18 19 20 21 22 23 24 25 26 27 28 29 30 31 32 33 34 35 36 37 38 39 40 41 42 43 44 45 46 47 48 49 50 51 52 53 54 55 56 57 58 59 60 61 62 63 63]]
2021/05/24 19:52:21 [ERROR] [create asset by existing key:  [1 2 3 4 5 6 7 8 9 10 11 12 13 14 15 16 17 18 19 20 21 22 23 24 25 26 27 28 29 30 31 32 33 34 35 36 37 38 39 40 41 42 43 44 45 46 47 48 49 50 51 52 53 54 55 56 57 58 59 60 61 62 63 63]]
2021/05/24 19:52:21 [ERROR] [user already locked]
2021/05/24 19:52:21 [ERROR] [unable to get asset, locked:  [1 2 3 4 5 6 7 8 9 10 11 12 13 14 15 16 17 18 19 20 21 22 23 24 25 26 27 28 29 30 31 32 33 34 35 36 37 38 39 40 41 42 43 44 45 46 47 48 49 50 51 52 53 54 55 56 57 58 59 60 61 62 63 63]]
2021/05/25 20:29:27 [ERROR] [user already locked]
2021/05/25 20:29:27 [ERROR] [wrong bytes length]
2021/05/25 20:29:27 [ERROR] [wrong bytes length]
2021/05/25 20:29:27 [INFO] [new user create success, adress:  [1 2 3 4 5 6 7 8 9 10 11 12 13 14 15 16 17 18 19 20 21 22 23 24 25 26 27 28 29 30 31 32 33 34 35 36 37 38 39 40 41 42 43 44 45 46 47 48 49 50 51 52 53 54 55 56 57 58 59 60 61 62 63 64]]
2021/05/25 20:29:27 [ERROR] [create user by existing key  [1 2 3 4 5 6 7 8 9 10 11 12 13 14 15 16 17 18 19 20 21 22 23 24 25 26 27 28 29 30 31 32 33 34 35 36 37 38 39 40 41 42 43 44 45 46 47 48 49 50 51 52 53 54 55 56 57 58 59 60 61 62 63 64]]
2021/05/25 20:29:27 [ERROR] [user already locked]
2021/05/25 20:29:27 [ERROR] [unable to get user (locked):  [1 2 3 4 5 6 7 8 9 10 11 12 13 14 15 16 17 18 19 20 21 22 23 24 25 26 27 28 29 30 31 32 33 34 35 36 37 38 39 40 41 42 43 44 45 46 47 48 49 50 51 52 53 54 55 56 57 58 59 60 61 62 63 64]]
2021/05/25 20:29:28 [INFO] [new user create success, adress:  [1 2 3 4 5 6 7 8 9 10 11 12 13 14 15 16 17 18 19 20 21 22 23 24 25 26 27 28 29 30 31 32 33 34 35 36 37 38 39 40 41 42 43 44 45 46 47 48 49 50 51 52 53 54 55 56 57 58 59 60 61 62 63 63]]
2021/05/25 20:29:28 [ERROR] [create asset by existing key:  [1 2 3 4 5 6 7 8 9 10 11 12 13 14 15 16 17 18 19 20 21 22 23 24 25 26 27 28 29 30 31 32 33 34 35 36 37 38 39 40 41 42 43 44 45 46 47 48 49 50 51 52 53 54 55 56 57 58 59 60 61 62 63 63]]
2021/05/25 20:29:28 [ERROR] [user already locked]
2021/05/25 20:29:28 [ERROR] [unable to get asset, locked:  [1 2 3 4 5 6 7 8 9 10 11 12 13 14 15 16 17 18 19 20 21 22 23 24 25 26 27 28 29 30 31 32 33 34 35 36 37 38 39 40 41 42 43 44 45 46 47 48 49 50 51 52 53 54 55 56 57 58 59 60 61 62 63 63]]
2021/05/25 21:28:30 [ERROR] [create asset by existing key:  [1 2 3 4 5 6 7 8 9 10 11 12 13 14 15 16 17 18 19 20 21 22 23 24 25 26 27 28 29 30 31 32 33 34 35 36 37 38 39 40 41 42 43 44 45 46 47 48 49 50 51 52 53 54 55 56 57 58 59 60 61 62 63 63]]
2021/05/25 21:28:34 [ERROR] [create asset by existing key:  [1 2 3 4 5 6 7 8 9 10 11 12 13 14 15 16 17 18 19 20 21 22 23 24 25 26 27 28 29 30 31 32 33 34 35 36 37 38 39 40 41 42 43 44 45 46 47 48 49 50 51 52 53 54 55 56 57 58 59 60 61 62 63 63]]
2021/05/25 21:28:37 [ERROR] [create asset by existing key:  [1 2 3 4 5 6 7 8 9 10 11 12 13 14 15 16 17 18 19 20 21 22 23 24 25 26 27 28 29 30 31 32 33 34 35 36 37 38 39 40 41 42 43 44 45 46 47 48 49 50 51 52 53 54 55 56 57 58 59 60 61 62 63 63]]
2021/05/25 21:33:17 [ERROR] [user already locked]
2021/05/25 21:33:17 [ERROR] [wrong bytes length]
2021/05/25 21:33:17 [ERROR] [wrong bytes length]
2021/05/25 21:33:17 [INFO] [new user create success, adress:  [1 2 3 4 5 6 7 8 9 10 11 12 13 14 15 16 17 18 19 20 21 22 23 24 25 26 27 28 29 30 31 32 33 34 35 36 37 38 39 40 41 42 43 44 45 46 47 48 49 50 51 52 53 54 55 56 57 58 59 60 61 62 63 64]]
2021/05/25 21:33:17 [ERROR] [create user by existing key  [1 2 3 4 5 6 7 8 9 10 11 12 13 14 15 16 17 18 19 20 21 22 23 24 25 26 27 28 29 30 31 32 33 34 35 36 37 38 39 40 41 42 43 44 45 46 47 48 49 50 51 52 53 54 55 56 57 58 59 60 61 62 63 64]]
2021/05/25 21:33:17 [ERROR] [user already locked]
2021/05/25 21:33:17 [ERROR] [unable to get user (locked):  [1 2 3 4 5 6 7 8 9 10 11 12 13 14 15 16 17 18 19 20 21 22 23 24 25 26 27 28 29 30 31 32 33 34 35 36 37 38 39 40 41 42 43 44 45 46 47 48 49 50 51 52 53 54 55 56 57 58 59 60 61 62 63 64]]
2021/05/25 21:33:18 [INFO] [new user create success, adress:  [1 2 3 4 5 6 7 8 9 10 11 12 13 14 15 16 17 18 19 20 21 22 23 24 25 26 27 28 29 30 31 32 33 34 35 36 37 38 39 40 41 42 43 44 45 46 47 48 49 50 51 52 53 54 55 56 57 58 59 60 61 62 63 63]]
2021/05/25 21:33:18 [ERROR] [create asset by existing key:  [1 2 3 4 5 6 7 8 9 10 11 12 13 14 15 16 17 18 19 20 21 22 23 24 25 26 27 28 29 30 31 32 33 34 35 36 37 38 39 40 41 42 43 44 45 46 47 48 49 50 51 52 53 54 55 56 57 58 59 60 61 62 63 63]]
2021/05/25 21:33:18 [ERROR] [user already locked]
2021/05/25 21:33:18 [ERROR] [unable to get asset, locked:  [1 2 3 4 5 6 7 8 9 10 11 12 13 14 15 16 17 18 19 20 21 22 23 24 25 26 27 28 29 30 31 32 33 34 35 36 37 38 39 40 41 42 43 44 45 46 47 48 49 50 51 52 53 54 55 56 57 58 59 60 61 62 63 63]]
2021/05/25 21:33:41 [ERROR] [user already locked]
2021/05/25 21:33:41 [ERROR] [wrong bytes length]
2021/05/25 21:33:41 [ERROR] [wrong bytes length]
2021/05/25 21:33:42 [INFO] [new user create success, adress:  [1 2 3 4 5 6 7 8 9 10 11 12 13 14 15 16 17 18 19 20 21 22 23 24 25 26 27 28 29 30 31 32 33 34 35 36 37 38 39 40 41 42 43 44 45 46 47 48 49 50 51 52 53 54 55 56 57 58 59 60 61 62 63 64]]
2021/05/25 21:33:42 [ERROR] [create user by existing key  [1 2 3 4 5 6 7 8 9 10 11 12 13 14 15 16 17 18 19 20 21 22 23 24 25 26 27 28 29 30 31 32 33 34 35 36 37 38 39 40 41 42 43 44 45 46 47 48 49 50 51 52 53 54 55 56 57 58 59 60 61 62 63 64]]
2021/05/25 21:33:42 [ERROR] [user already locked]
2021/05/25 21:33:42 [ERROR] [unable to get user (locked):  [1 2 3 4 5 6 7 8 9 10 11 12 13 14 15 16 17 18 19 20 21 22 23 24 25 26 27 28 29 30 31 32 33 34 35 36 37 38 39 40 41 42 43 44 45 46 47 48 49 50 51 52 53 54 55 56 57 58 59 60 61 62 63 64]]
2021/05/25 21:33:42 [INFO] [new user create success, adress:  [1 2 3 4 5 6 7 8 9 10 11 12 13 14 15 16 17 18 19 20 21 22 23 24 25 26 27 28 29 30 31 32 33 34 35 36 37 38 39 40 41 42 43 44 45 46 47 48 49 50 51 52 53 54 55 56 57 58 59 60 61 62 63 63]]
2021/05/25 21:33:42 [ERROR] [create asset by existing key:  [1 2 3 4 5 6 7 8 9 10 11 12 13 14 15 16 17 18 19 20 21 22 23 24 25 26 27 28 29 30 31 32 33 34 35 36 37 38 39 40 41 42 43 44 45 46 47 48 49 50 51 52 53 54 55 56 57 58 59 60 61 62 63 63]]
2021/05/25 21:33:42 [ERROR] [user already locked]
2021/05/25 21:33:42 [ERROR] [unable to get asset, locked:  [1 2 3 4 5 6 7 8 9 10 11 12 13 14 15 16 17 18 19 20 21 22 23 24 25 26 27 28 29 30 31 32 33 34 35 36 37 38 39 40 41 42 43 44 45 46 47 48 49 50 51 52 53 54 55 56 57 58 59 60 61 62 63 63]]
2021/05/25 21:33:59 [ERROR] [user already locked]
2021/05/25 21:33:59 [ERROR] [wrong bytes length]
2021/05/25 21:33:59 [ERROR] [wrong bytes length]
2021/05/25 21:33:59 [INFO] [new user create success, adress:  [1 2 3 4 5 6 7 8 9 10 11 12 13 14 15 16 17 18 19 20 21 22 23 24 25 26 27 28 29 30 31 32 33 34 35 36 37 38 39 40 41 42 43 44 45 46 47 48 49 50 51 52 53 54 55 56 57 58 59 60 61 62 63 64]]
2021/05/25 21:33:59 [ERROR] [create user by existing key  [1 2 3 4 5 6 7 8 9 10 11 12 13 14 15 16 17 18 19 20 21 22 23 24 25 26 27 28 29 30 31 32 33 34 35 36 37 38 39 40 41 42 43 44 45 46 47 48 49 50 51 52 53 54 55 56 57 58 59 60 61 62 63 64]]
2021/05/25 21:33:59 [ERROR] [user already locked]
2021/05/25 21:33:59 [ERROR] [unable to get user (locked):  [1 2 3 4 5 6 7 8 9 10 11 12 13 14 15 16 17 18 19 20 21 22 23 24 25 26 27 28 29 30 31 32 33 34 35 36 37 38 39 40 41 42 43 44 45 46 47 48 49 50 51 52 53 54 55 56 57 58 59 60 61 62 63 64]]
2021/05/25 21:34:00 [INFO] [new user create success, adress:  [1 2 3 4 5 6 7 8 9 10 11 12 13 14 15 16 17 18 19 20 21 22 23 24 25 26 27 28 29 30 31 32 33 34 35 36 37 38 39 40 41 42 43 44 45 46 47 48 49 50 51 52 53 54 55 56 57 58 59 60 61 62 63 63]]
2021/05/25 21:34:00 [ERROR] [create asset by existing key:  [1 2 3 4 5 6 7 8 9 10 11 12 13 14 15 16 17 18 19 20 21 22 23 24 25 26 27 28 29 30 31 32 33 34 35 36 37 38 39 40 41 42 43 44 45 46 47 48 49 50 51 52 53 54 55 56 57 58 59 60 61 62 63 63]]
2021/05/25 21:34:00 [ERROR] [user already locked]
2021/05/25 21:34:00 [ERROR] [unable to get asset, locked:  [1 2 3 4 5 6 7 8 9 10 11 12 13 14 15 16 17 18 19 20 21 22 23 24 25 26 27 28 29 30 31 32 33 34 35 36 37 38 39 40 41 42 43 44 45 46 47 48 49 50 51 52 53 54 55 56 57 58 59 60 61 62 63 63]]
2021/05/25 21:35:02 [ERROR] [user already locked]
2021/05/25 21:35:02 [ERROR] [wrong bytes length]
2021/05/25 21:35:02 [ERROR] [wrong bytes length]
2021/05/25 21:35:03 [INFO] [new user create success, adress:  [1 2 3 4 5 6 7 8 9 10 11 12 13 14 15 16 17 18 19 20 21 22 23 24 25 26 27 28 29 30 31 32 33 34 35 36 37 38 39 40 41 42 43 44 45 46 47 48 49 50 51 52 53 54 55 56 57 58 59 60 61 62 63 64]]
2021/05/25 21:35:03 [ERROR] [create user by existing key  [1 2 3 4 5 6 7 8 9 10 11 12 13 14 15 16 17 18 19 20 21 22 23 24 25 26 27 28 29 30 31 32 33 34 35 36 37 38 39 40 41 42 43 44 45 46 47 48 49 50 51 52 53 54 55 56 57 58 59 60 61 62 63 64]]
2021/05/25 21:35:03 [ERROR] [user already locked]
2021/05/25 21:35:03 [ERROR] [unable to get user (locked):  [1 2 3 4 5 6 7 8 9 10 11 12 13 14 15 16 17 18 19 20 21 22 23 24 25 26 27 28 29 30 31 32 33 34 35 36 37 38 39 40 41 42 43 44 45 46 47 48 49 50 51 52 53 54 55 56 57 58 59 60 61 62 63 64]]
2021/05/25 21:35:03 [INFO] [new user create success, adress:  [1 2 3 4 5 6 7 8 9 10 11 12 13 14 15 16 17 18 19 20 21 22 23 24 25 26 27 28 29 30 31 32 33 34 35 36 37 38 39 40 41 42 43 44 45 46 47 48 49 50 51 52 53 54 55 56 57 58 59 60 61 62 63 63]]
2021/05/25 21:35:03 [ERROR] [create asset by existing key:  [1 2 3 4 5 6 7 8 9 10 11 12 13 14 15 16 17 18 19 20 21 22 23 24 25 26 27 28 29 30 31 32 33 34 35 36 37 38 39 40 41 42 43 44 45 46 47 48 49 50 51 52 53 54 55 56 57 58 59 60 61 62 63 63]]
2021/05/25 21:35:03 [ERROR] [user already locked]
2021/05/25 21:35:03 [ERROR] [unable to get asset, locked:  [1 2 3 4 5 6 7 8 9 10 11 12 13 14 15 16 17 18 19 20 21 22 23 24 25 26 27 28 29 30 31 32 33 34 35 36 37 38 39 40 41 42 43 44 45 46 47 48 49 50 51 52 53 54 55 56 57 58 59 60 61 62 63 63]]
2021/05/25 21:36:28 [INFO] [new user create success, adress:  [1 2 3 4 5 6 7 8 9 10 11 12 13 14 15 16 17 18 19 20 21 22 23 24 25 26 27 28 29 30 31 32 33 34 35 36 37 38 39 40 41 42 43 44 45 46 47 48 49 50 51 52 53 54 55 56 57 58 59 60 61 62 63 63]]
2021/05/25 21:37:11 [ERROR] [create asset by existing key:  [1 2 3 4 5 6 7 8 9 10 11 12 13 14 15 16 17 18 19 20 21 22 23 24 25 26 27 28 29 30 31 32 33 34 35 36 37 38 39 40 41 42 43 44 45 46 47 48 49 50 51 52 53 54 55 56 57 58 59 60 61 62 63 63]]
2021/05/25 21:40:24 [ERROR] [create asset by existing key:  [1 2 3 4 5 6 7 8 9 10 11 12 13 14 15 16 17 18 19 20 21 22 23 24 25 26 27 28 29 30 31 32 33 34 35 36 37 38 39 40 41 42 43 44 45 46 47 48 49 50 51 52 53 54 55 56 57 58 59 60 61 62 63 63]]
2021/05/25 21:40:47 [ERROR] [create asset by existing key:  [1 2 3 4 5 6 7 8 9 10 11 12 13 14 15 16 17 18 19 20 21 22 23 24 25 26 27 28 29 30 31 32 33 34 35 36 37 38 39 40 41 42 43 44 45 46 47 48 49 50 51 52 53 54 55 56 57 58 59 60 61 62 63 63]]
2021/05/27 11:24:14 [ERROR] [user already locked]
2021/05/27 11:24:14 [ERROR] [wrong bytes length]
2021/05/27 11:24:14 [ERROR] [wrong bytes length]
2021/05/27 11:24:15 [INFO] [new user create success, adress:  [1 2 3 4 5 6 7 8 9 10 11 12 13 14 15 16 17 18 19 20 21 22 23 24 25 26 27 28 29 30 31 32 33 34 35 36 37 38 39 40 41 42 43 44 45 46 47 48 49 50 51 52 53 54 55 56 57 58 59 60 61 62 63 64]]
2021/05/27 11:24:15 [ERROR] [create user by existing key  [1 2 3 4 5 6 7 8 9 10 11 12 13 14 15 16 17 18 19 20 21 22 23 24 25 26 27 28 29 30 31 32 33 34 35 36 37 38 39 40 41 42 43 44 45 46 47 48 49 50 51 52 53 54 55 56 57 58 59 60 61 62 63 64]]
2021/05/27 11:24:15 [ERROR] [user already locked]
2021/05/27 11:24:15 [ERROR] [unable to get user (locked):  [1 2 3 4 5 6 7 8 9 10 11 12 13 14 15 16 17 18 19 20 21 22 23 24 25 26 27 28 29 30 31 32 33 34 35 36 37 38 39 40 41 42 43 44 45 46 47 48 49 50 51 52 53 54 55 56 57 58 59 60 61 62 63 64]]
2021/05/27 11:24:16 [INFO] [new user create success, adress:  [1 2 3 4 5 6 7 8 9 10 11 12 13 14 15 16 17 18 19 20 21 22 23 24 25 26 27 28 29 30 31 32 33 34 35 36 37 38 39 40 41 42 43 44 45 46 47 48 49 50 51 52 53 54 55 56 57 58 59 60 61 62 63 63]]
2021/05/27 11:24:16 [ERROR] [create asset by existing key:  [1 2 3 4 5 6 7 8 9 10 11 12 13 14 15 16 17 18 19 20 21 22 23 24 25 26 27 28 29 30 31 32 33 34 35 36 37 38 39 40 41 42 43 44 45 46 47 48 49 50 51 52 53 54 55 56 57 58 59 60 61 62 63 63]]
2021/05/27 11:24:16 [ERROR] [user already locked]
2021/05/27 11:24:16 [ERROR] [unable to get asset, locked:  [1 2 3 4 5 6 7 8 9 10 11 12 13 14 15 16 17 18 19 20 21 22 23 24 25 26 27 28 29 30 31 32 33 34 35 36 37 38 39 40 41 42 43 44 45 46 47 48 49 50 51 52 53 54 55 56 57 58 59 60 61 62 63 63]]
2021/05/27 13:33:56 [ERROR] [user already locked]
2021/05/27 13:33:57 [ERROR] [wrong bytes length]
2021/05/27 13:33:57 [ERROR] [wrong bytes length]
2021/05/27 13:33:57 [INFO] [new user create success, adress:  [1 2 3 4 5 6 7 8 9 10 11 12 13 14 15 16 17 18 19 20 21 22 23 24 25 26 27 28 29 30 31 32 33 34 35 36 37 38 39 40 41 42 43 44 45 46 47 48 49 50 51 52 53 54 55 56 57 58 59 60 61 62 63 64]]
2021/05/27 13:33:57 [ERROR] [create user by existing key  [1 2 3 4 5 6 7 8 9 10 11 12 13 14 15 16 17 18 19 20 21 22 23 24 25 26 27 28 29 30 31 32 33 34 35 36 37 38 39 40 41 42 43 44 45 46 47 48 49 50 51 52 53 54 55 56 57 58 59 60 61 62 63 64]]
2021/05/27 13:33:57 [ERROR] [user already locked]
2021/05/27 13:33:57 [ERROR] [unable to get user (locked):  [1 2 3 4 5 6 7 8 9 10 11 12 13 14 15 16 17 18 19 20 21 22 23 24 25 26 27 28 29 30 31 32 33 34 35 36 37 38 39 40 41 42 43 44 45 46 47 48 49 50 51 52 53 54 55 56 57 58 59 60 61 62 63 64]]
2021/05/27 13:33:58 [INFO] [new user create success, adress:  [1 2 3 4 5 6 7 8 9 10 11 12 13 14 15 16 17 18 19 20 21 22 23 24 25 26 27 28 29 30 31 32 33 34 35 36 37 38 39 40 41 42 43 44 45 46 47 48 49 50 51 52 53 54 55 56 57 58 59 60 61 62 63 63]]
2021/05/27 13:33:58 [ERROR] [create asset by existing key:  [1 2 3 4 5 6 7 8 9 10 11 12 13 14 15 16 17 18 19 20 21 22 23 24 25 26 27 28 29 30 31 32 33 34 35 36 37 38 39 40 41 42 43 44 45 46 47 48 49 50 51 52 53 54 55 56 57 58 59 60 61 62 63 63]]
2021/05/27 13:33:58 [ERROR] [user already locked]
2021/05/27 13:33:58 [ERROR] [unable to get asset, locked:  [1 2 3 4 5 6 7 8 9 10 11 12 13 14 15 16 17 18 19 20 21 22 23 24 25 26 27 28 29 30 31 32 33 34 35 36 37 38 39 40 41 42 43 44 45 46 47 48 49 50 51 52 53 54 55 56 57 58 59 60 61 62 63 63]]
2021/05/27 13:34:58 [ERROR] [user already locked]
2021/05/27 13:34:58 [ERROR] [wrong bytes length]
2021/05/27 13:34:58 [ERROR] [wrong bytes length]
2021/05/27 13:34:58 [INFO] [new user create success, adress:  [1 2 3 4 5 6 7 8 9 10 11 12 13 14 15 16 17 18 19 20 21 22 23 24 25 26 27 28 29 30 31 32 33 34 35 36 37 38 39 40 41 42 43 44 45 46 47 48 49 50 51 52 53 54 55 56 57 58 59 60 61 62 63 64]]
2021/05/27 13:34:58 [ERROR] [create user by existing key  [1 2 3 4 5 6 7 8 9 10 11 12 13 14 15 16 17 18 19 20 21 22 23 24 25 26 27 28 29 30 31 32 33 34 35 36 37 38 39 40 41 42 43 44 45 46 47 48 49 50 51 52 53 54 55 56 57 58 59 60 61 62 63 64]]
2021/05/27 13:34:58 [ERROR] [user already locked]
2021/05/27 13:34:58 [ERROR] [unable to get user (locked):  [1 2 3 4 5 6 7 8 9 10 11 12 13 14 15 16 17 18 19 20 21 22 23 24 25 26 27 28 29 30 31 32 33 34 35 36 37 38 39 40 41 42 43 44 45 46 47 48 49 50 51 52 53 54 55 56 57 58 59 60 61 62 63 64]]
2021/05/27 13:34:59 [INFO] [new user create success, adress:  [1 2 3 4 5 6 7 8 9 10 11 12 13 14 15 16 17 18 19 20 21 22 23 24 25 26 27 28 29 30 31 32 33 34 35 36 37 38 39 40 41 42 43 44 45 46 47 48 49 50 51 52 53 54 55 56 57 58 59 60 61 62 63 63]]
2021/05/27 13:34:59 [ERROR] [create asset by existing key:  [1 2 3 4 5 6 7 8 9 10 11 12 13 14 15 16 17 18 19 20 21 22 23 24 25 26 27 28 29 30 31 32 33 34 35 36 37 38 39 40 41 42 43 44 45 46 47 48 49 50 51 52 53 54 55 56 57 58 59 60 61 62 63 63]]
2021/05/27 13:34:59 [ERROR] [user already locked]
2021/05/27 13:34:59 [ERROR] [unable to get asset, locked:  [1 2 3 4 5 6 7 8 9 10 11 12 13 14 15 16 17 18 19 20 21 22 23 24 25 26 27 28 29 30 31 32 33 34 35 36 37 38 39 40 41 42 43 44 45 46 47 48 49 50 51 52 53 54 55 56 57 58 59 60 61 62 63 63]]
2021/05/27 13:35:22 [ERROR] [user already locked]
2021/05/27 13:35:22 [ERROR] [wrong bytes length]
2021/05/27 13:35:22 [ERROR] [wrong bytes length]
2021/05/27 13:35:23 [INFO] [new user create success, adress:  [1 2 3 4 5 6 7 8 9 10 11 12 13 14 15 16 17 18 19 20 21 22 23 24 25 26 27 28 29 30 31 32 33 34 35 36 37 38 39 40 41 42 43 44 45 46 47 48 49 50 51 52 53 54 55 56 57 58 59 60 61 62 63 64]]
2021/05/27 13:35:23 [ERROR] [create user by existing key  [1 2 3 4 5 6 7 8 9 10 11 12 13 14 15 16 17 18 19 20 21 22 23 24 25 26 27 28 29 30 31 32 33 34 35 36 37 38 39 40 41 42 43 44 45 46 47 48 49 50 51 52 53 54 55 56 57 58 59 60 61 62 63 64]]
2021/05/27 13:35:23 [ERROR] [user already locked]
2021/05/27 13:35:23 [ERROR] [unable to get user (locked):  [1 2 3 4 5 6 7 8 9 10 11 12 13 14 15 16 17 18 19 20 21 22 23 24 25 26 27 28 29 30 31 32 33 34 35 36 37 38 39 40 41 42 43 44 45 46 47 48 49 50 51 52 53 54 55 56 57 58 59 60 61 62 63 64]]
2021/05/27 13:35:23 [INFO] [new user create success, adress:  [1 2 3 4 5 6 7 8 9 10 11 12 13 14 15 16 17 18 19 20 21 22 23 24 25 26 27 28 29 30 31 32 33 34 35 36 37 38 39 40 41 42 43 44 45 46 47 48 49 50 51 52 53 54 55 56 57 58 59 60 61 62 63 63]]
2021/05/27 13:35:23 [ERROR] [create asset by existing key:  [1 2 3 4 5 6 7 8 9 10 11 12 13 14 15 16 17 18 19 20 21 22 23 24 25 26 27 28 29 30 31 32 33 34 35 36 37 38 39 40 41 42 43 44 45 46 47 48 49 50 51 52 53 54 55 56 57 58 59 60 61 62 63 63]]
2021/05/27 13:35:23 [ERROR] [user already locked]
2021/05/27 13:35:23 [ERROR] [unable to get asset, locked:  [1 2 3 4 5 6 7 8 9 10 11 12 13 14 15 16 17 18 19 20 21 22 23 24 25 26 27 28 29 30 31 32 33 34 35 36 37 38 39 40 41 42 43 44 45 46 47 48 49 50 51 52 53 54 55 56 57 58 59 60 61 62 63 63]]
2021/05/27 13:35:54 [ERROR] [user already locked]
2021/05/27 13:35:54 [ERROR] [wrong bytes length]
2021/05/27 13:35:54 [ERROR] [wrong bytes length]
2021/05/27 13:35:54 [INFO] [new user create success, adress:  [1 2 3 4 5 6 7 8 9 10 11 12 13 14 15 16 17 18 19 20 21 22 23 24 25 26 27 28 29 30 31 32 33 34 35 36 37 38 39 40 41 42 43 44 45 46 47 48 49 50 51 52 53 54 55 56 57 58 59 60 61 62 63 64]]
2021/05/27 13:35:54 [ERROR] [create user by existing key  [1 2 3 4 5 6 7 8 9 10 11 12 13 14 15 16 17 18 19 20 21 22 23 24 25 26 27 28 29 30 31 32 33 34 35 36 37 38 39 40 41 42 43 44 45 46 47 48 49 50 51 52 53 54 55 56 57 58 59 60 61 62 63 64]]
2021/05/27 13:35:54 [ERROR] [user already locked]
2021/05/27 13:35:54 [ERROR] [unable to get user (locked):  [1 2 3 4 5 6 7 8 9 10 11 12 13 14 15 16 17 18 19 20 21 22 23 24 25 26 27 28 29 30 31 32 33 34 35 36 37 38 39 40 41 42 43 44 45 46 47 48 49 50 51 52 53 54 55 56 57 58 59 60 61 62 63 64]]
2021/05/27 13:35:55 [INFO] [new user create success, adress:  [1 2 3 4 5 6 7 8 9 10 11 12 13 14 15 16 17 18 19 20 21 22 23 24 25 26 27 28 29 30 31 32 33 34 35 36 37 38 39 40 41 42 43 44 45 46 47 48 49 50 51 52 53 54 55 56 57 58 59 60 61 62 63 63]]
2021/05/27 13:35:55 [ERROR] [create asset by existing key:  [1 2 3 4 5 6 7 8 9 10 11 12 13 14 15 16 17 18 19 20 21 22 23 24 25 26 27 28 29 30 31 32 33 34 35 36 37 38 39 40 41 42 43 44 45 46 47 48 49 50 51 52 53 54 55 56 57 58 59 60 61 62 63 63]]
2021/05/27 13:35:55 [ERROR] [user already locked]
2021/05/27 13:35:55 [ERROR] [unable to get asset, locked:  [1 2 3 4 5 6 7 8 9 10 11 12 13 14 15 16 17 18 19 20 21 22 23 24 25 26 27 28 29 30 31 32 33 34 35 36 37 38 39 40 41 42 43 44 45 46 47 48 49 50 51 52 53 54 55 56 57 58 59 60 61 62 63 63]]
2021/05/27 13:41:32 [ERROR] [user already locked]
2021/05/27 13:41:32 [ERROR] [wrong bytes length]
2021/05/27 13:41:32 [ERROR] [wrong bytes length]
2021/05/27 13:41:32 [INFO] [new user create success, adress:  [1 2 3 4 5 6 7 8 9 10 11 12 13 14 15 16 17 18 19 20 21 22 23 24 25 26 27 28 29 30 31 32 33 34 35 36 37 38 39 40 41 42 43 44 45 46 47 48 49 50 51 52 53 54 55 56 57 58 59 60 61 62 63 64]]
2021/05/27 13:41:32 [ERROR] [create user by existing key  [1 2 3 4 5 6 7 8 9 10 11 12 13 14 15 16 17 18 19 20 21 22 23 24 25 26 27 28 29 30 31 32 33 34 35 36 37 38 39 40 41 42 43 44 45 46 47 48 49 50 51 52 53 54 55 56 57 58 59 60 61 62 63 64]]
2021/05/27 13:41:32 [ERROR] [user already locked]
2021/05/27 13:41:32 [ERROR] [unable to get user (locked):  [1 2 3 4 5 6 7 8 9 10 11 12 13 14 15 16 17 18 19 20 21 22 23 24 25 26 27 28 29 30 31 32 33 34 35 36 37 38 39 40 41 42 43 44 45 46 47 48 49 50 51 52 53 54 55 56 57 58 59 60 61 62 63 64]]
2021/05/27 13:41:33 [INFO] [new user create success, adress:  [1 2 3 4 5 6 7 8 9 10 11 12 13 14 15 16 17 18 19 20 21 22 23 24 25 26 27 28 29 30 31 32 33 34 35 36 37 38 39 40 41 42 43 44 45 46 47 48 49 50 51 52 53 54 55 56 57 58 59 60 61 62 63 63]]
2021/05/27 13:41:33 [ERROR] [create asset by existing key:  [1 2 3 4 5 6 7 8 9 10 11 12 13 14 15 16 17 18 19 20 21 22 23 24 25 26 27 28 29 30 31 32 33 34 35 36 37 38 39 40 41 42 43 44 45 46 47 48 49 50 51 52 53 54 55 56 57 58 59 60 61 62 63 63]]
2021/05/27 13:41:33 [ERROR] [user already locked]
2021/05/27 13:41:33 [ERROR] [unable to get asset, locked:  [1 2 3 4 5 6 7 8 9 10 11 12 13 14 15 16 17 18 19 20 21 22 23 24 25 26 27 28 29 30 31 32 33 34 35 36 37 38 39 40 41 42 43 44 45 46 47 48 49 50 51 52 53 54 55 56 57 58 59 60 61 62 63 63]]
2021/05/27 13:50:51 [ERROR] [user already locked]
2021/05/27 13:50:51 [ERROR] [wrong bytes length]
2021/05/27 13:50:51 [ERROR] [wrong bytes length]
2021/05/27 13:50:52 [INFO] [new user create success, adress:  [1 2 3 4 5 6 7 8 9 10 11 12 13 14 15 16 17 18 19 20 21 22 23 24 25 26 27 28 29 30 31 32 33 34 35 36 37 38 39 40 41 42 43 44 45 46 47 48 49 50 51 52 53 54 55 56 57 58 59 60 61 62 63 64]]
2021/05/27 13:50:52 [ERROR] [create user by existing key  [1 2 3 4 5 6 7 8 9 10 11 12 13 14 15 16 17 18 19 20 21 22 23 24 25 26 27 28 29 30 31 32 33 34 35 36 37 38 39 40 41 42 43 44 45 46 47 48 49 50 51 52 53 54 55 56 57 58 59 60 61 62 63 64]]
2021/05/27 13:50:52 [ERROR] [user already locked]
2021/05/27 13:50:52 [ERROR] [unable to get user (locked):  [1 2 3 4 5 6 7 8 9 10 11 12 13 14 15 16 17 18 19 20 21 22 23 24 25 26 27 28 29 30 31 32 33 34 35 36 37 38 39 40 41 42 43 44 45 46 47 48 49 50 51 52 53 54 55 56 57 58 59 60 61 62 63 64]]
2021/05/27 13:52:41 [ERROR] [user already locked]
2021/05/27 13:52:41 [ERROR] [wrong bytes length]
2021/05/27 13:52:41 [ERROR] [wrong bytes length]
2021/05/27 13:52:42 [INFO] [new user create success, adress:  [1 2 3 4 5 6 7 8 9 10 11 12 13 14 15 16 17 18 19 20 21 22 23 24 25 26 27 28 29 30 31 32 33 34 35 36 37 38 39 40 41 42 43 44 45 46 47 48 49 50 51 52 53 54 55 56 57 58 59 60 61 62 63 64]]
2021/05/27 13:52:42 [ERROR] [create user by existing key  [1 2 3 4 5 6 7 8 9 10 11 12 13 14 15 16 17 18 19 20 21 22 23 24 25 26 27 28 29 30 31 32 33 34 35 36 37 38 39 40 41 42 43 44 45 46 47 48 49 50 51 52 53 54 55 56 57 58 59 60 61 62 63 64]]
2021/05/27 13:52:42 [ERROR] [user already locked]
2021/05/27 13:52:42 [ERROR] [unable to get user (locked):  [1 2 3 4 5 6 7 8 9 10 11 12 13 14 15 16 17 18 19 20 21 22 23 24 25 26 27 28 29 30 31 32 33 34 35 36 37 38 39 40 41 42 43 44 45 46 47 48 49 50 51 52 53 54 55 56 57 58 59 60 61 62 63 64]]
2021/05/27 13:53:41 [ERROR] [user already locked]
2021/05/27 13:53:41 [ERROR] [wrong bytes length]
2021/05/27 13:53:41 [ERROR] [wrong bytes length]
2021/05/27 13:53:41 [INFO] [new user create success, adress:  [1 2 3 4 5 6 7 8 9 10 11 12 13 14 15 16 17 18 19 20 21 22 23 24 25 26 27 28 29 30 31 32 33 34 35 36 37 38 39 40 41 42 43 44 45 46 47 48 49 50 51 52 53 54 55 56 57 58 59 60 61 62 63 64]]
2021/05/27 13:53:41 [ERROR] [create user by existing key  [1 2 3 4 5 6 7 8 9 10 11 12 13 14 15 16 17 18 19 20 21 22 23 24 25 26 27 28 29 30 31 32 33 34 35 36 37 38 39 40 41 42 43 44 45 46 47 48 49 50 51 52 53 54 55 56 57 58 59 60 61 62 63 64]]
2021/05/27 13:53:41 [ERROR] [user already locked]
2021/05/27 13:53:41 [ERROR] [unable to get user (locked):  [1 2 3 4 5 6 7 8 9 10 11 12 13 14 15 16 17 18 19 20 21 22 23 24 25 26 27 28 29 30 31 32 33 34 35 36 37 38 39 40 41 42 43 44 45 46 47 48 49 50 51 52 53 54 55 56 57 58 59 60 61 62 63 64]]
2021/05/27 13:53:42 [INFO] [new user create success, adress:  [1 2 3 4 5 6 7 8 9 10 11 12 13 14 15 16 17 18 19 20 21 22 23 24 25 26 27 28 29 30 31 32 33 34 35 36 37 38 39 40 41 42 43 44 45 46 47 48 49 50 51 52 53 54 55 56 57 58 59 60 61 62 63 63]]
2021/05/27 13:53:42 [ERROR] [create asset by existing key:  [1 2 3 4 5 6 7 8 9 10 11 12 13 14 15 16 17 18 19 20 21 22 23 24 25 26 27 28 29 30 31 32 33 34 35 36 37 38 39 40 41 42 43 44 45 46 47 48 49 50 51 52 53 54 55 56 57 58 59 60 61 62 63 63]]
2021/05/27 13:53:42 [ERROR] [user already locked]
2021/05/27 13:53:42 [ERROR] [unable to get asset, locked:  [1 2 3 4 5 6 7 8 9 10 11 12 13 14 15 16 17 18 19 20 21 22 23 24 25 26 27 28 29 30 31 32 33 34 35 36 37 38 39 40 41 42 43 44 45 46 47 48 49 50 51 52 53 54 55 56 57 58 59 60 61 62 63 63]]
2021/05/27 13:54:33 [ERROR] [user already locked]
2021/05/27 13:54:33 [ERROR] [wrong bytes length]
2021/05/27 13:54:33 [ERROR] [wrong bytes length]
2021/05/27 13:54:33 [INFO] [new user create success, adress:  [1 2 3 4 5 6 7 8 9 10 11 12 13 14 15 16 17 18 19 20 21 22 23 24 25 26 27 28 29 30 31 32 33 34 35 36 37 38 39 40 41 42 43 44 45 46 47 48 49 50 51 52 53 54 55 56 57 58 59 60 61 62 63 64]]
2021/05/27 13:54:33 [ERROR] [create user by existing key  [1 2 3 4 5 6 7 8 9 10 11 12 13 14 15 16 17 18 19 20 21 22 23 24 25 26 27 28 29 30 31 32 33 34 35 36 37 38 39 40 41 42 43 44 45 46 47 48 49 50 51 52 53 54 55 56 57 58 59 60 61 62 63 64]]
2021/05/27 13:54:33 [ERROR] [user already locked]
2021/05/27 13:54:33 [ERROR] [unable to get user (locked):  [1 2 3 4 5 6 7 8 9 10 11 12 13 14 15 16 17 18 19 20 21 22 23 24 25 26 27 28 29 30 31 32 33 34 35 36 37 38 39 40 41 42 43 44 45 46 47 48 49 50 51 52 53 54 55 56 57 58 59 60 61 62 63 64]]
2021/05/27 13:54:34 [INFO] [new user create success, adress:  [1 2 3 4 5 6 7 8 9 10 11 12 13 14 15 16 17 18 19 20 21 22 23 24 25 26 27 28 29 30 31 32 33 34 35 36 37 38 39 40 41 42 43 44 45 46 47 48 49 50 51 52 53 54 55 56 57 58 59 60 61 62 63 63]]
2021/05/27 13:54:34 [ERROR] [create asset by existing key:  [1 2 3 4 5 6 7 8 9 10 11 12 13 14 15 16 17 18 19 20 21 22 23 24 25 26 27 28 29 30 31 32 33 34 35 36 37 38 39 40 41 42 43 44 45 46 47 48 49 50 51 52 53 54 55 56 57 58 59 60 61 62 63 63]]
2021/05/27 13:54:34 [ERROR] [user already locked]
2021/05/27 13:54:34 [ERROR] [unable to get asset, locked:  [1 2 3 4 5 6 7 8 9 10 11 12 13 14 15 16 17 18 19 20 21 22 23 24 25 26 27 28 29 30 31 32 33 34 35 36 37 38 39 40 41 42 43 44 45 46 47 48 49 50 51 52 53 54 55 56 57 58 59 60 61 62 63 63]]
2021/05/27 13:55:02 [ERROR] [user already locked]
2021/05/27 13:55:02 [ERROR] [wrong bytes length]
2021/05/27 13:55:02 [ERROR] [wrong bytes length]
2021/05/27 13:55:03 [INFO] [new user create success, adress:  [1 2 3 4 5 6 7 8 9 10 11 12 13 14 15 16 17 18 19 20 21 22 23 24 25 26 27 28 29 30 31 32 33 34 35 36 37 38 39 40 41 42 43 44 45 46 47 48 49 50 51 52 53 54 55 56 57 58 59 60 61 62 63 64]]
2021/05/27 13:55:03 [ERROR] [create user by existing key  [1 2 3 4 5 6 7 8 9 10 11 12 13 14 15 16 17 18 19 20 21 22 23 24 25 26 27 28 29 30 31 32 33 34 35 36 37 38 39 40 41 42 43 44 45 46 47 48 49 50 51 52 53 54 55 56 57 58 59 60 61 62 63 64]]
2021/05/27 13:55:03 [ERROR] [user already locked]
2021/05/27 13:55:03 [ERROR] [unable to get user (locked):  [1 2 3 4 5 6 7 8 9 10 11 12 13 14 15 16 17 18 19 20 21 22 23 24 25 26 27 28 29 30 31 32 33 34 35 36 37 38 39 40 41 42 43 44 45 46 47 48 49 50 51 52 53 54 55 56 57 58 59 60 61 62 63 64]]
2021/05/27 13:55:03 [INFO] [new user create success, adress:  [1 2 3 4 5 6 7 8 9 10 11 12 13 14 15 16 17 18 19 20 21 22 23 24 25 26 27 28 29 30 31 32 33 34 35 36 37 38 39 40 41 42 43 44 45 46 47 48 49 50 51 52 53 54 55 56 57 58 59 60 61 62 63 63]]
2021/05/27 13:55:03 [ERROR] [create asset by existing key:  [1 2 3 4 5 6 7 8 9 10 11 12 13 14 15 16 17 18 19 20 21 22 23 24 25 26 27 28 29 30 31 32 33 34 35 36 37 38 39 40 41 42 43 44 45 46 47 48 49 50 51 52 53 54 55 56 57 58 59 60 61 62 63 63]]
2021/05/27 13:55:03 [ERROR] [user already locked]
2021/05/27 13:55:03 [ERROR] [unable to get asset, locked:  [1 2 3 4 5 6 7 8 9 10 11 12 13 14 15 16 17 18 19 20 21 22 23 24 25 26 27 28 29 30 31 32 33 34 35 36 37 38 39 40 41 42 43 44 45 46 47 48 49 50 51 52 53 54 55 56 57 58 59 60 61 62 63 63]]
2021/05/27 13:55:36 [ERROR] [user already locked]
2021/05/27 13:55:36 [ERROR] [wrong bytes length]
2021/05/27 13:55:36 [ERROR] [wrong bytes length]
2021/05/27 13:55:37 [INFO] [new user create success, adress:  [1 2 3 4 5 6 7 8 9 10 11 12 13 14 15 16 17 18 19 20 21 22 23 24 25 26 27 28 29 30 31 32 33 34 35 36 37 38 39 40 41 42 43 44 45 46 47 48 49 50 51 52 53 54 55 56 57 58 59 60 61 62 63 64]]
2021/05/27 13:55:37 [ERROR] [create user by existing key  [1 2 3 4 5 6 7 8 9 10 11 12 13 14 15 16 17 18 19 20 21 22 23 24 25 26 27 28 29 30 31 32 33 34 35 36 37 38 39 40 41 42 43 44 45 46 47 48 49 50 51 52 53 54 55 56 57 58 59 60 61 62 63 64]]
2021/05/27 13:55:37 [ERROR] [user already locked]
2021/05/27 13:55:37 [ERROR] [unable to get user (locked):  [1 2 3 4 5 6 7 8 9 10 11 12 13 14 15 16 17 18 19 20 21 22 23 24 25 26 27 28 29 30 31 32 33 34 35 36 37 38 39 40 41 42 43 44 45 46 47 48 49 50 51 52 53 54 55 56 57 58 59 60 61 62 63 64]]
2021/05/27 13:55:37 [INFO] [new user create success, adress:  [1 2 3 4 5 6 7 8 9 10 11 12 13 14 15 16 17 18 19 20 21 22 23 24 25 26 27 28 29 30 31 32 33 34 35 36 37 38 39 40 41 42 43 44 45 46 47 48 49 50 51 52 53 54 55 56 57 58 59 60 61 62 63 63]]
2021/05/27 13:55:37 [ERROR] [create asset by existing key:  [1 2 3 4 5 6 7 8 9 10 11 12 13 14 15 16 17 18 19 20 21 22 23 24 25 26 27 28 29 30 31 32 33 34 35 36 37 38 39 40 41 42 43 44 45 46 47 48 49 50 51 52 53 54 55 56 57 58 59 60 61 62 63 63]]
2021/05/27 13:55:37 [ERROR] [user already locked]
2021/05/27 13:55:37 [ERROR] [unable to get asset, locked:  [1 2 3 4 5 6 7 8 9 10 11 12 13 14 15 16 17 18 19 20 21 22 23 24 25 26 27 28 29 30 31 32 33 34 35 36 37 38 39 40 41 42 43 44 45 46 47 48 49 50 51 52 53 54 55 56 57 58 59 60 61 62 63 63]]
2021/05/27 13:55:58 [ERROR] [user already locked]
2021/05/27 13:55:58 [ERROR] [wrong bytes length]
2021/05/27 13:55:58 [ERROR] [wrong bytes length]
2021/05/27 13:55:59 [INFO] [new user create success, adress:  [1 2 3 4 5 6 7 8 9 10 11 12 13 14 15 16 17 18 19 20 21 22 23 24 25 26 27 28 29 30 31 32 33 34 35 36 37 38 39 40 41 42 43 44 45 46 47 48 49 50 51 52 53 54 55 56 57 58 59 60 61 62 63 64]]
2021/05/27 13:55:59 [ERROR] [create user by existing key  [1 2 3 4 5 6 7 8 9 10 11 12 13 14 15 16 17 18 19 20 21 22 23 24 25 26 27 28 29 30 31 32 33 34 35 36 37 38 39 40 41 42 43 44 45 46 47 48 49 50 51 52 53 54 55 56 57 58 59 60 61 62 63 64]]
2021/05/27 13:55:59 [ERROR] [user already locked]
2021/05/27 13:55:59 [ERROR] [unable to get user (locked):  [1 2 3 4 5 6 7 8 9 10 11 12 13 14 15 16 17 18 19 20 21 22 23 24 25 26 27 28 29 30 31 32 33 34 35 36 37 38 39 40 41 42 43 44 45 46 47 48 49 50 51 52 53 54 55 56 57 58 59 60 61 62 63 64]]
2021/05/27 13:55:59 [INFO] [new user create success, adress:  [1 2 3 4 5 6 7 8 9 10 11 12 13 14 15 16 17 18 19 20 21 22 23 24 25 26 27 28 29 30 31 32 33 34 35 36 37 38 39 40 41 42 43 44 45 46 47 48 49 50 51 52 53 54 55 56 57 58 59 60 61 62 63 63]]
2021/05/27 13:55:59 [ERROR] [create asset by existing key:  [1 2 3 4 5 6 7 8 9 10 11 12 13 14 15 16 17 18 19 20 21 22 23 24 25 26 27 28 29 30 31 32 33 34 35 36 37 38 39 40 41 42 43 44 45 46 47 48 49 50 51 52 53 54 55 56 57 58 59 60 61 62 63 63]]
2021/05/27 13:55:59 [ERROR] [user already locked]
2021/05/27 13:55:59 [ERROR] [unable to get asset, locked:  [1 2 3 4 5 6 7 8 9 10 11 12 13 14 15 16 17 18 19 20 21 22 23 24 25 26 27 28 29 30 31 32 33 34 35 36 37 38 39 40 41 42 43 44 45 46 47 48 49 50 51 52 53 54 55 56 57 58 59 60 61 62 63 63]]
2021/05/27 13:56:14 [ERROR] [user already locked]
2021/05/27 13:56:14 [ERROR] [wrong bytes length]
2021/05/27 13:56:14 [ERROR] [wrong bytes length]
2021/05/27 13:56:15 [INFO] [new user create success, adress:  [1 2 3 4 5 6 7 8 9 10 11 12 13 14 15 16 17 18 19 20 21 22 23 24 25 26 27 28 29 30 31 32 33 34 35 36 37 38 39 40 41 42 43 44 45 46 47 48 49 50 51 52 53 54 55 56 57 58 59 60 61 62 63 64]]
2021/05/27 13:56:15 [ERROR] [create user by existing key  [1 2 3 4 5 6 7 8 9 10 11 12 13 14 15 16 17 18 19 20 21 22 23 24 25 26 27 28 29 30 31 32 33 34 35 36 37 38 39 40 41 42 43 44 45 46 47 48 49 50 51 52 53 54 55 56 57 58 59 60 61 62 63 64]]
2021/05/27 13:56:15 [ERROR] [user already locked]
2021/05/27 13:56:15 [ERROR] [unable to get user (locked):  [1 2 3 4 5 6 7 8 9 10 11 12 13 14 15 16 17 18 19 20 21 22 23 24 25 26 27 28 29 30 31 32 33 34 35 36 37 38 39 40 41 42 43 44 45 46 47 48 49 50 51 52 53 54 55 56 57 58 59 60 61 62 63 64]]
2021/05/27 13:56:15 [INFO] [new user create success, adress:  [1 2 3 4 5 6 7 8 9 10 11 12 13 14 15 16 17 18 19 20 21 22 23 24 25 26 27 28 29 30 31 32 33 34 35 36 37 38 39 40 41 42 43 44 45 46 47 48 49 50 51 52 53 54 55 56 57 58 59 60 61 62 63 63]]
2021/05/27 13:56:15 [ERROR] [create asset by existing key:  [1 2 3 4 5 6 7 8 9 10 11 12 13 14 15 16 17 18 19 20 21 22 23 24 25 26 27 28 29 30 31 32 33 34 35 36 37 38 39 40 41 42 43 44 45 46 47 48 49 50 51 52 53 54 55 56 57 58 59 60 61 62 63 63]]
2021/05/27 13:56:15 [ERROR] [user already locked]
2021/05/27 13:56:15 [ERROR] [unable to get asset, locked:  [1 2 3 4 5 6 7 8 9 10 11 12 13 14 15 16 17 18 19 20 21 22 23 24 25 26 27 28 29 30 31 32 33 34 35 36 37 38 39 40 41 42 43 44 45 46 47 48 49 50 51 52 53 54 55 56 57 58 59 60 61 62 63 63]]
2021/05/27 15:01:15 [ERROR] [user already locked]
2021/05/27 15:01:15 [ERROR] [wrong bytes length]
2021/05/27 15:01:15 [ERROR] [wrong bytes length]
2021/05/27 15:01:15 [INFO] [new user create success, adress:  [1 2 3 4 5 6 7 8 9 10 11 12 13 14 15 16 17 18 19 20 21 22 23 24 25 26 27 28 29 30 31 32 33 34 35 36 37 38 39 40 41 42 43 44 45 46 47 48 49 50 51 52 53 54 55 56 57 58 59 60 61 62 63 64]]
2021/05/27 15:01:15 [ERROR] [create user by existing key  [1 2 3 4 5 6 7 8 9 10 11 12 13 14 15 16 17 18 19 20 21 22 23 24 25 26 27 28 29 30 31 32 33 34 35 36 37 38 39 40 41 42 43 44 45 46 47 48 49 50 51 52 53 54 55 56 57 58 59 60 61 62 63 64]]
2021/05/27 15:01:15 [ERROR] [user already locked]
2021/05/27 15:01:15 [ERROR] [unable to get user (locked):  [1 2 3 4 5 6 7 8 9 10 11 12 13 14 15 16 17 18 19 20 21 22 23 24 25 26 27 28 29 30 31 32 33 34 35 36 37 38 39 40 41 42 43 44 45 46 47 48 49 50 51 52 53 54 55 56 57 58 59 60 61 62 63 64]]
2021/05/27 15:01:16 [INFO] [new user create success, adress:  [1 2 3 4 5 6 7 8 9 10 11 12 13 14 15 16 17 18 19 20 21 22 23 24 25 26 27 28 29 30 31 32 33 34 35 36 37 38 39 40 41 42 43 44 45 46 47 48 49 50 51 52 53 54 55 56 57 58 59 60 61 62 63 63]]
2021/05/27 15:01:16 [ERROR] [create asset by existing key:  [1 2 3 4 5 6 7 8 9 10 11 12 13 14 15 16 17 18 19 20 21 22 23 24 25 26 27 28 29 30 31 32 33 34 35 36 37 38 39 40 41 42 43 44 45 46 47 48 49 50 51 52 53 54 55 56 57 58 59 60 61 62 63 63]]
2021/05/27 15:01:16 [ERROR] [user already locked]
2021/05/27 15:01:16 [ERROR] [unable to get asset, locked:  [1 2 3 4 5 6 7 8 9 10 11 12 13 14 15 16 17 18 19 20 21 22 23 24 25 26 27 28 29 30 31 32 33 34 35 36 37 38 39 40 41 42 43 44 45 46 47 48 49 50 51 52 53 54 55 56 57 58 59 60 61 62 63 63]]
2021/05/27 15:05:33 [ERROR] [user already locked]
2021/05/27 15:05:33 [ERROR] [wrong bytes length]
2021/05/27 15:05:33 [ERROR] [wrong bytes length]
2021/05/27 15:05:33 [INFO] [new user create success, adress:  [1 2 3 4 5 6 7 8 9 10 11 12 13 14 15 16 17 18 19 20 21 22 23 24 25 26 27 28 29 30 31 32 33 34 35 36 37 38 39 40 41 42 43 44 45 46 47 48 49 50 51 52 53 54 55 56 57 58 59 60 61 62 63 63]]
2021/05/27 15:05:33 [ERROR] [create asset by existing key:  [1 2 3 4 5 6 7 8 9 10 11 12 13 14 15 16 17 18 19 20 21 22 23 24 25 26 27 28 29 30 31 32 33 34 35 36 37 38 39 40 41 42 43 44 45 46 47 48 49 50 51 52 53 54 55 56 57 58 59 60 61 62 63 63]]
2021/05/27 15:05:33 [ERROR] [user already locked]
2021/05/27 15:05:33 [ERROR] [unable to get asset, locked:  [1 2 3 4 5 6 7 8 9 10 11 12 13 14 15 16 17 18 19 20 21 22 23 24 25 26 27 28 29 30 31 32 33 34 35 36 37 38 39 40 41 42 43 44 45 46 47 48 49 50 51 52 53 54 55 56 57 58 59 60 61 62 63 63]]
2021/05/27 15:05:51 [ERROR] [user already locked]
2021/05/27 15:05:51 [ERROR] [wrong bytes length]
2021/05/27 15:05:51 [ERROR] [wrong bytes length]
2021/05/27 15:05:52 [INFO] [new user create success, adress:  [1 2 3 4 5 6 7 8 9 10 11 12 13 14 15 16 17 18 19 20 21 22 23 24 25 26 27 28 29 30 31 32 33 34 35 36 37 38 39 40 41 42 43 44 45 46 47 48 49 50 51 52 53 54 55 56 57 58 59 60 61 62 63 64]]
2021/05/27 15:05:52 [ERROR] [create user by existing key  [1 2 3 4 5 6 7 8 9 10 11 12 13 14 15 16 17 18 19 20 21 22 23 24 25 26 27 28 29 30 31 32 33 34 35 36 37 38 39 40 41 42 43 44 45 46 47 48 49 50 51 52 53 54 55 56 57 58 59 60 61 62 63 64]]
2021/05/27 15:05:52 [ERROR] [user already locked]
2021/05/27 15:05:52 [ERROR] [unable to get user (locked):  [1 2 3 4 5 6 7 8 9 10 11 12 13 14 15 16 17 18 19 20 21 22 23 24 25 26 27 28 29 30 31 32 33 34 35 36 37 38 39 40 41 42 43 44 45 46 47 48 49 50 51 52 53 54 55 56 57 58 59 60 61 62 63 64]]
2021/05/27 15:05:52 [INFO] [new user create success, adress:  [1 2 3 4 5 6 7 8 9 10 11 12 13 14 15 16 17 18 19 20 21 22 23 24 25 26 27 28 29 30 31 32 33 34 35 36 37 38 39 40 41 42 43 44 45 46 47 48 49 50 51 52 53 54 55 56 57 58 59 60 61 62 63 63]]
2021/05/27 15:05:52 [ERROR] [create asset by existing key:  [1 2 3 4 5 6 7 8 9 10 11 12 13 14 15 16 17 18 19 20 21 22 23 24 25 26 27 28 29 30 31 32 33 34 35 36 37 38 39 40 41 42 43 44 45 46 47 48 49 50 51 52 53 54 55 56 57 58 59 60 61 62 63 63]]
2021/05/27 15:05:52 [ERROR] [user already locked]
2021/05/27 15:05:52 [ERROR] [unable to get asset, locked:  [1 2 3 4 5 6 7 8 9 10 11 12 13 14 15 16 17 18 19 20 21 22 23 24 25 26 27 28 29 30 31 32 33 34 35 36 37 38 39 40 41 42 43 44 45 46 47 48 49 50 51 52 53 54 55 56 57 58 59 60 61 62 63 63]]
2021/05/27 15:07:00 [ERROR] [user already locked]
2021/05/27 15:07:00 [ERROR] [wrong bytes length]
2021/05/27 15:07:00 [ERROR] [wrong bytes length]
2021/05/27 15:07:00 [INFO] [new user create success, adress:  [1 2 3 4 5 6 7 8 9 10 11 12 13 14 15 16 17 18 19 20 21 22 23 24 25 26 27 28 29 30 31 32 33 34 35 36 37 38 39 40 41 42 43 44 45 46 47 48 49 50 51 52 53 54 55 56 57 58 59 60 61 62 63 64]]
2021/05/27 15:07:00 [ERROR] [create user by existing key  [1 2 3 4 5 6 7 8 9 10 11 12 13 14 15 16 17 18 19 20 21 22 23 24 25 26 27 28 29 30 31 32 33 34 35 36 37 38 39 40 41 42 43 44 45 46 47 48 49 50 51 52 53 54 55 56 57 58 59 60 61 62 63 64]]
2021/05/27 15:07:00 [ERROR] [user already locked]
2021/05/27 15:07:00 [ERROR] [unable to get user (locked):  [1 2 3 4 5 6 7 8 9 10 11 12 13 14 15 16 17 18 19 20 21 22 23 24 25 26 27 28 29 30 31 32 33 34 35 36 37 38 39 40 41 42 43 44 45 46 47 48 49 50 51 52 53 54 55 56 57 58 59 60 61 62 63 64]]
2021/05/27 15:07:01 [INFO] [new user create success, adress:  [1 2 3 4 5 6 7 8 9 10 11 12 13 14 15 16 17 18 19 20 21 22 23 24 25 26 27 28 29 30 31 32 33 34 35 36 37 38 39 40 41 42 43 44 45 46 47 48 49 50 51 52 53 54 55 56 57 58 59 60 61 62 63 63]]
2021/05/27 15:07:01 [ERROR] [create asset by existing key:  [1 2 3 4 5 6 7 8 9 10 11 12 13 14 15 16 17 18 19 20 21 22 23 24 25 26 27 28 29 30 31 32 33 34 35 36 37 38 39 40 41 42 43 44 45 46 47 48 49 50 51 52 53 54 55 56 57 58 59 60 61 62 63 63]]
2021/05/27 15:07:01 [ERROR] [user already locked]
2021/05/27 15:07:01 [ERROR] [unable to get asset, locked:  [1 2 3 4 5 6 7 8 9 10 11 12 13 14 15 16 17 18 19 20 21 22 23 24 25 26 27 28 29 30 31 32 33 34 35 36 37 38 39 40 41 42 43 44 45 46 47 48 49 50 51 52 53 54 55 56 57 58 59 60 61 62 63 63]]
2021/05/27 15:09:22 [ERROR] [user already locked]
2021/05/27 15:09:22 [ERROR] [wrong bytes length]
2021/05/27 15:09:22 [ERROR] [wrong bytes length]
2021/05/27 15:09:22 [INFO] [new user create success, adress:  [1 2 3 4 5 6 7 8 9 10 11 12 13 14 15 16 17 18 19 20 21 22 23 24 25 26 27 28 29 30 31 32 33 34 35 36 37 38 39 40 41 42 43 44 45 46 47 48 49 50 51 52 53 54 55 56 57 58 59 60 61 62 63 64]]
2021/05/27 15:09:22 [ERROR] [create user by existing key  [1 2 3 4 5 6 7 8 9 10 11 12 13 14 15 16 17 18 19 20 21 22 23 24 25 26 27 28 29 30 31 32 33 34 35 36 37 38 39 40 41 42 43 44 45 46 47 48 49 50 51 52 53 54 55 56 57 58 59 60 61 62 63 64]]
2021/05/27 15:09:22 [ERROR] [user already locked]
2021/05/27 15:09:22 [ERROR] [unable to get user (locked):  [1 2 3 4 5 6 7 8 9 10 11 12 13 14 15 16 17 18 19 20 21 22 23 24 25 26 27 28 29 30 31 32 33 34 35 36 37 38 39 40 41 42 43 44 45 46 47 48 49 50 51 52 53 54 55 56 57 58 59 60 61 62 63 64]]
2021/05/27 15:09:23 [INFO] [new user create success, adress:  [1 2 3 4 5 6 7 8 9 10 11 12 13 14 15 16 17 18 19 20 21 22 23 24 25 26 27 28 29 30 31 32 33 34 35 36 37 38 39 40 41 42 43 44 45 46 47 48 49 50 51 52 53 54 55 56 57 58 59 60 61 62 63 63]]
2021/05/27 15:09:23 [ERROR] [create asset by existing key:  [1 2 3 4 5 6 7 8 9 10 11 12 13 14 15 16 17 18 19 20 21 22 23 24 25 26 27 28 29 30 31 32 33 34 35 36 37 38 39 40 41 42 43 44 45 46 47 48 49 50 51 52 53 54 55 56 57 58 59 60 61 62 63 63]]
2021/05/27 15:09:23 [ERROR] [user already locked]
2021/05/27 15:09:23 [ERROR] [unable to get asset, locked:  [1 2 3 4 5 6 7 8 9 10 11 12 13 14 15 16 17 18 19 20 21 22 23 24 25 26 27 28 29 30 31 32 33 34 35 36 37 38 39 40 41 42 43 44 45 46 47 48 49 50 51 52 53 54 55 56 57 58 59 60 61 62 63 63]]
2021/05/27 15:10:04 [ERROR] [user already locked]
2021/05/27 15:10:04 [ERROR] [wrong bytes length]
2021/05/27 15:10:04 [ERROR] [wrong bytes length]
2021/05/27 15:10:04 [INFO] [new user create success, adress:  [1 2 3 4 5 6 7 8 9 10 11 12 13 14 15 16 17 18 19 20 21 22 23 24 25 26 27 28 29 30 31 32 33 34 35 36 37 38 39 40 41 42 43 44 45 46 47 48 49 50 51 52 53 54 55 56 57 58 59 60 61 62 63 64]]
2021/05/27 15:10:04 [ERROR] [create user by existing key  [1 2 3 4 5 6 7 8 9 10 11 12 13 14 15 16 17 18 19 20 21 22 23 24 25 26 27 28 29 30 31 32 33 34 35 36 37 38 39 40 41 42 43 44 45 46 47 48 49 50 51 52 53 54 55 56 57 58 59 60 61 62 63 64]]
2021/05/27 15:10:04 [ERROR] [user already locked]
2021/05/27 15:10:04 [ERROR] [unable to get user (locked):  [1 2 3 4 5 6 7 8 9 10 11 12 13 14 15 16 17 18 19 20 21 22 23 24 25 26 27 28 29 30 31 32 33 34 35 36 37 38 39 40 41 42 43 44 45 46 47 48 49 50 51 52 53 54 55 56 57 58 59 60 61 62 63 64]]
2021/05/27 15:10:05 [INFO] [new user create success, adress:  [1 2 3 4 5 6 7 8 9 10 11 12 13 14 15 16 17 18 19 20 21 22 23 24 25 26 27 28 29 30 31 32 33 34 35 36 37 38 39 40 41 42 43 44 45 46 47 48 49 50 51 52 53 54 55 56 57 58 59 60 61 62 63 63]]
2021/05/27 15:10:05 [ERROR] [create asset by existing key:  [1 2 3 4 5 6 7 8 9 10 11 12 13 14 15 16 17 18 19 20 21 22 23 24 25 26 27 28 29 30 31 32 33 34 35 36 37 38 39 40 41 42 43 44 45 46 47 48 49 50 51 52 53 54 55 56 57 58 59 60 61 62 63 63]]
2021/05/27 15:10:05 [ERROR] [user already locked]
2021/05/27 15:10:05 [ERROR] [unable to get asset, locked:  [1 2 3 4 5 6 7 8 9 10 11 12 13 14 15 16 17 18 19 20 21 22 23 24 25 26 27 28 29 30 31 32 33 34 35 36 37 38 39 40 41 42 43 44 45 46 47 48 49 50 51 52 53 54 55 56 57 58 59 60 61 62 63 63]]
2021/05/27 15:10:32 [ERROR] [user already locked]
2021/05/27 15:10:32 [ERROR] [wrong bytes length]
2021/05/27 15:10:32 [ERROR] [wrong bytes length]
2021/05/27 15:10:33 [INFO] [new user create success, adress:  [1 2 3 4 5 6 7 8 9 10 11 12 13 14 15 16 17 18 19 20 21 22 23 24 25 26 27 28 29 30 31 32 33 34 35 36 37 38 39 40 41 42 43 44 45 46 47 48 49 50 51 52 53 54 55 56 57 58 59 60 61 62 63 64]]
2021/05/27 15:10:33 [ERROR] [create user by existing key  [1 2 3 4 5 6 7 8 9 10 11 12 13 14 15 16 17 18 19 20 21 22 23 24 25 26 27 28 29 30 31 32 33 34 35 36 37 38 39 40 41 42 43 44 45 46 47 48 49 50 51 52 53 54 55 56 57 58 59 60 61 62 63 64]]
2021/05/27 15:10:33 [ERROR] [user already locked]
2021/05/27 15:10:33 [ERROR] [unable to get user (locked):  [1 2 3 4 5 6 7 8 9 10 11 12 13 14 15 16 17 18 19 20 21 22 23 24 25 26 27 28 29 30 31 32 33 34 35 36 37 38 39 40 41 42 43 44 45 46 47 48 49 50 51 52 53 54 55 56 57 58 59 60 61 62 63 64]]
2021/05/27 15:10:33 [INFO] [new user create success, adress:  [1 2 3 4 5 6 7 8 9 10 11 12 13 14 15 16 17 18 19 20 21 22 23 24 25 26 27 28 29 30 31 32 33 34 35 36 37 38 39 40 41 42 43 44 45 46 47 48 49 50 51 52 53 54 55 56 57 58 59 60 61 62 63 63]]
2021/05/27 15:10:33 [ERROR] [create asset by existing key:  [1 2 3 4 5 6 7 8 9 10 11 12 13 14 15 16 17 18 19 20 21 22 23 24 25 26 27 28 29 30 31 32 33 34 35 36 37 38 39 40 41 42 43 44 45 46 47 48 49 50 51 52 53 54 55 56 57 58 59 60 61 62 63 63]]
2021/05/27 15:10:33 [ERROR] [user already locked]
2021/05/27 15:10:33 [ERROR] [unable to get asset, locked:  [1 2 3 4 5 6 7 8 9 10 11 12 13 14 15 16 17 18 19 20 21 22 23 24 25 26 27 28 29 30 31 32 33 34 35 36 37 38 39 40 41 42 43 44 45 46 47 48 49 50 51 52 53 54 55 56 57 58 59 60 61 62 63 63]]
2021/05/27 15:11:00 [ERROR] [user already locked]
2021/05/27 15:11:00 [ERROR] [wrong bytes length]
2021/05/27 15:11:00 [ERROR] [wrong bytes length]
2021/05/27 15:11:01 [INFO] [new user create success, adress:  [1 2 3 4 5 6 7 8 9 10 11 12 13 14 15 16 17 18 19 20 21 22 23 24 25 26 27 28 29 30 31 32 33 34 35 36 37 38 39 40 41 42 43 44 45 46 47 48 49 50 51 52 53 54 55 56 57 58 59 60 61 62 63 64]]
2021/05/27 15:11:01 [ERROR] [create user by existing key  [1 2 3 4 5 6 7 8 9 10 11 12 13 14 15 16 17 18 19 20 21 22 23 24 25 26 27 28 29 30 31 32 33 34 35 36 37 38 39 40 41 42 43 44 45 46 47 48 49 50 51 52 53 54 55 56 57 58 59 60 61 62 63 64]]
2021/05/27 15:11:01 [ERROR] [user already locked]
2021/05/27 15:11:01 [ERROR] [unable to get user (locked):  [1 2 3 4 5 6 7 8 9 10 11 12 13 14 15 16 17 18 19 20 21 22 23 24 25 26 27 28 29 30 31 32 33 34 35 36 37 38 39 40 41 42 43 44 45 46 47 48 49 50 51 52 53 54 55 56 57 58 59 60 61 62 63 64]]
2021/05/27 15:11:01 [INFO] [new user create success, adress:  [1 2 3 4 5 6 7 8 9 10 11 12 13 14 15 16 17 18 19 20 21 22 23 24 25 26 27 28 29 30 31 32 33 34 35 36 37 38 39 40 41 42 43 44 45 46 47 48 49 50 51 52 53 54 55 56 57 58 59 60 61 62 63 63]]
2021/05/27 15:11:01 [ERROR] [create asset by existing key:  [1 2 3 4 5 6 7 8 9 10 11 12 13 14 15 16 17 18 19 20 21 22 23 24 25 26 27 28 29 30 31 32 33 34 35 36 37 38 39 40 41 42 43 44 45 46 47 48 49 50 51 52 53 54 55 56 57 58 59 60 61 62 63 63]]
2021/05/27 15:11:01 [ERROR] [user already locked]
2021/05/27 15:11:01 [ERROR] [unable to get asset, locked:  [1 2 3 4 5 6 7 8 9 10 11 12 13 14 15 16 17 18 19 20 21 22 23 24 25 26 27 28 29 30 31 32 33 34 35 36 37 38 39 40 41 42 43 44 45 46 47 48 49 50 51 52 53 54 55 56 57 58 59 60 61 62 63 63]]
